nohup: ignoring input
[2024-11-12 21:58:36] INFO: Object loaded successfully from /trading_robot/src/Processing/Preprocessing_Artifacts/HourOhlcPreprocessing.pkl
[2024-11-12 21:58:36] INFO: Data object for UID 19ca4cb3d0128bf5d681676100456765 does not exist. Proceeding with preprocessing.
[2024-11-12 21:58:51] INFO: Start Sampling and Marking Data   ______________________________________________________________
[2024-11-12 21:58:53] INFO: End Sampling and Marking Data   ________________________________________________________________
[2024-11-12 21:58:53] INFO: Generating the vectors   _______________________________________________________________________

Processing tickers:   0%|          | 0/2982 [00:00<?, ?it/s]
Processing tickers: 100%|██████████| 2982/2982 [00:00<00:00, 744134.61it/s]
[2024-11-12 22:01:31] INFO: Vectors generation done   ______________________________________________________________________
[2024-11-12 22:01:35] INFO: The X Tensor :::: shape (400000, 40, 41)  Have Nan value : False  | Has infinite value : False
[2024-11-12 22:01:35] INFO: The Y Tensor :::: shape (400000, 10) Have Nan value : False  | Has infinite value : False   ____
[2024-11-12 22:01:35] INFO: Start loading data in Data loader   ____________________________________________________________
[2024-11-13 08:35:35] INFO: End loading data in Data loader   ______________________________________________________________
[2024-11-13 08:35:42] INFO: Data object successfully saved to /trading_robot/src/Artifacts/Data/19ca4cb3d0128bf5d681676100456765.pkl
[2024-11-13 08:35:42] INFO: Starting with a new model   ____________________________________________________________________
Loading HeTVAE_classifier

Iteration 1:   0%|          | 0/782 [00:00<?, ?it/s]
Iteration 1:   0%|          | 1/782 [00:10<2:17:53, 10.59s/it]
Iteration 1:   0%|          | 2/782 [00:17<1:50:09,  8.47s/it]
Iteration 1:   0%|          | 3/782 [00:24<1:38:27,  7.58s/it]
Iteration 1:   1%|          | 4/782 [00:30<1:33:19,  7.20s/it]
Iteration 1:   1%|          | 5/782 [00:36<1:26:31,  6.68s/it]
Iteration 1:   1%|          | 6/782 [00:41<1:20:48,  6.25s/it]
Iteration 1:   1%|          | 7/782 [00:47<1:16:26,  5.92s/it]
Iteration 1:   1%|          | 8/782 [00:52<1:15:38,  5.86s/it]
Iteration 1:   1%|          | 9/782 [00:58<1:13:54,  5.74s/it]
Iteration 1:   1%|▏         | 10/782 [01:03<1:11:59,  5.60s/it]
Iteration 1:   1%|▏         | 11/782 [01:08<1:10:30,  5.49s/it]
Iteration 1:   2%|▏         | 12/782 [01:13<1:09:05,  5.38s/it]
Iteration 1:   2%|▏         | 13/782 [01:19<1:08:32,  5.35s/it]
Iteration 1:   2%|▏         | 14/782 [01:24<1:07:22,  5.26s/it]
Iteration 1:   2%|▏         | 15/782 [01:29<1:07:21,  5.27s/it]
Iteration 1:   2%|▏         | 16/782 [01:34<1:06:45,  5.23s/it]
Iteration 1:   2%|▏         | 17/782 [01:39<1:06:08,  5.19s/it]
Iteration 1:   2%|▏         | 18/782 [01:45<1:06:36,  5.23s/it]
Iteration 1:   2%|▏         | 19/782 [01:50<1:06:19,  5.22s/it]
Iteration 1:   3%|▎         | 20/782 [01:55<1:05:50,  5.19s/it]
Iteration 1:   3%|▎         | 21/782 [02:00<1:05:22,  5.15s/it]
Iteration 1:   3%|▎         | 22/782 [02:05<1:05:04,  5.14s/it]
Iteration 1:   3%|▎         | 23/782 [02:10<1:04:38,  5.11s/it]
Iteration 1:   3%|▎         | 24/782 [02:15<1:04:18,  5.09s/it]
Iteration 1:   3%|▎         | 25/782 [02:20<1:04:09,  5.08s/it]
Iteration 1:   3%|▎         | 26/782 [02:25<1:03:57,  5.08s/it]
Iteration 1:   3%|▎         | 27/782 [02:30<1:03:52,  5.08s/it]
Iteration 1:   4%|▎         | 28/782 [02:35<1:03:42,  5.07s/it]
Iteration 1:   4%|▎         | 29/782 [02:41<1:03:34,  5.07s/it]
Iteration 1:   4%|▍         | 30/782 [02:46<1:03:32,  5.07s/it]
Iteration 1:   4%|▍         | 31/782 [02:51<1:03:59,  5.11s/it]
Iteration 1:   4%|▍         | 32/782 [02:56<1:04:20,  5.15s/it]
Iteration 1:   4%|▍         | 33/782 [03:01<1:03:46,  5.11s/it]
Iteration 1:   4%|▍         | 34/782 [03:06<1:03:21,  5.08s/it]
Iteration 1:   4%|▍         | 35/782 [03:11<1:03:24,  5.09s/it]
Iteration 1:   5%|▍         | 36/782 [03:16<1:03:09,  5.08s/it]
Iteration 1:   5%|▍         | 37/782 [03:21<1:03:09,  5.09s/it]
Iteration 1:   5%|▍         | 38/782 [03:27<1:03:19,  5.11s/it]
Iteration 1:   5%|▍         | 39/782 [03:32<1:03:40,  5.14s/it]
Iteration 1:   5%|▌         | 40/782 [03:37<1:03:55,  5.17s/it]
Iteration 1:   5%|▌         | 41/782 [03:42<1:03:19,  5.13s/it]
Iteration 1:   5%|▌         | 42/782 [03:47<1:02:50,  5.09s/it]
Iteration 1:   5%|▌         | 43/782 [03:52<1:02:34,  5.08s/it]
Iteration 1:   6%|▌         | 44/782 [03:57<1:02:25,  5.08s/it]
Iteration 1:   6%|▌         | 45/782 [04:02<1:02:05,  5.06s/it]
Iteration 1:   6%|▌         | 46/782 [04:07<1:02:00,  5.05s/it]
Iteration 1:   6%|▌         | 47/782 [04:12<1:02:10,  5.08s/it]
Iteration 1:   6%|▌         | 48/782 [04:17<1:02:04,  5.07s/it]
Iteration 1:   6%|▋         | 49/782 [04:23<1:02:04,  5.08s/it]
Iteration 1:   6%|▋         | 50/782 [04:28<1:01:55,  5.08s/it]
Iteration 1:   7%|▋         | 51/782 [04:33<1:02:35,  5.14s/it]
Iteration 1:   7%|▋         | 52/782 [04:38<1:02:14,  5.12s/it]
Iteration 1:   7%|▋         | 53/782 [04:43<1:02:55,  5.18s/it]
Iteration 1:   7%|▋         | 54/782 [04:48<1:02:35,  5.16s/it]
Iteration 1:   7%|▋         | 55/782 [04:53<1:02:12,  5.13s/it]
Iteration 1:   7%|▋         | 56/782 [04:59<1:01:59,  5.12s/it]
Iteration 1:   7%|▋         | 57/782 [05:04<1:01:39,  5.10s/it]
Iteration 1:   7%|▋         | 58/782 [05:09<1:01:29,  5.10s/it]
Iteration 1:   8%|▊         | 59/782 [05:14<1:01:25,  5.10s/it]
Iteration 1:   8%|▊         | 60/782 [05:19<1:01:12,  5.09s/it]
Iteration 1:   8%|▊         | 61/782 [05:24<1:01:14,  5.10s/it]
Iteration 1:   8%|▊         | 62/782 [05:29<1:00:59,  5.08s/it]
Iteration 1:   8%|▊         | 63/782 [05:34<1:00:44,  5.07s/it]
Iteration 1:   8%|▊         | 64/782 [05:39<1:00:31,  5.06s/it]
Iteration 1:   8%|▊         | 65/782 [05:44<1:00:40,  5.08s/it]
Iteration 1:   8%|▊         | 66/782 [05:49<1:01:04,  5.12s/it]
Iteration 1:   9%|▊         | 67/782 [05:54<1:00:47,  5.10s/it]
Iteration 1:   9%|▊         | 68/782 [06:00<1:00:45,  5.11s/it]
Iteration 1:   9%|▉         | 69/782 [06:05<1:01:01,  5.14s/it]
Iteration 1:   9%|▉         | 70/782 [06:10<1:01:03,  5.14s/it]
Iteration 1:   9%|▉         | 71/782 [06:15<1:00:57,  5.14s/it]
Iteration 1:   9%|▉         | 72/782 [06:20<1:00:49,  5.14s/it]
Iteration 1:   9%|▉         | 73/782 [06:25<1:00:53,  5.15s/it]
Iteration 1:   9%|▉         | 74/782 [06:31<1:00:37,  5.14s/it]
Iteration 1:  10%|▉         | 75/782 [06:36<1:00:31,  5.14s/it]
Iteration 1:  10%|▉         | 76/782 [06:41<1:00:14,  5.12s/it]
Iteration 1:  10%|▉         | 77/782 [06:46<1:00:02,  5.11s/it]
Iteration 1:  10%|▉         | 78/782 [06:51<59:53,  5.10s/it]  
Iteration 1:  10%|█         | 79/782 [06:56<1:00:02,  5.12s/it]
Iteration 1:  10%|█         | 80/782 [07:01<1:00:36,  5.18s/it]
Iteration 1:  10%|█         | 81/782 [07:07<1:00:50,  5.21s/it]
Iteration 1:  10%|█         | 82/782 [07:12<1:00:42,  5.20s/it]
Iteration 1:  11%|█         | 83/782 [07:17<1:00:30,  5.19s/it]
Iteration 1:  11%|█         | 84/782 [07:22<1:00:04,  5.16s/it]
Iteration 1:  11%|█         | 85/782 [07:27<59:41,  5.14s/it]  
Iteration 1:  11%|█         | 86/782 [07:32<59:12,  5.10s/it]
Iteration 1:  11%|█         | 87/782 [07:37<58:58,  5.09s/it]
Iteration 1:  11%|█▏        | 88/782 [07:42<58:36,  5.07s/it]
Iteration 1:  11%|█▏        | 89/782 [07:47<58:26,  5.06s/it]
Iteration 1:  12%|█▏        | 90/782 [07:52<58:27,  5.07s/it]
Iteration 1:  12%|█▏        | 91/782 [07:57<58:21,  5.07s/it]
Iteration 1:  12%|█▏        | 92/782 [08:03<58:20,  5.07s/it]
Iteration 1:  12%|█▏        | 93/782 [08:08<59:27,  5.18s/it]
Iteration 1:  12%|█▏        | 94/782 [08:13<59:04,  5.15s/it]
Iteration 1:  12%|█▏        | 95/782 [08:18<58:48,  5.14s/it]
Iteration 1:  12%|█▏        | 96/782 [08:23<58:56,  5.16s/it]
Iteration 1:  12%|█▏        | 97/782 [08:29<59:36,  5.22s/it]
Iteration 1:  13%|█▎        | 98/782 [08:34<59:29,  5.22s/it]
Iteration 1:  13%|█▎        | 99/782 [08:39<58:53,  5.17s/it]
Iteration 1:  13%|█▎        | 100/782 [08:44<58:35,  5.15s/it]
Iteration 1:  13%|█▎        | 101/782 [08:49<58:21,  5.14s/it]
Iteration 1:  13%|█▎        | 102/782 [08:54<58:09,  5.13s/it]
Iteration 1:  13%|█▎        | 103/782 [09:00<58:17,  5.15s/it]
Iteration 1:  13%|█▎        | 104/782 [09:05<58:10,  5.15s/it]
Iteration 1:  13%|█▎        | 105/782 [09:10<58:05,  5.15s/it]
Iteration 1:  14%|█▎        | 106/782 [09:15<57:45,  5.13s/it]
Iteration 1:  14%|█▎        | 107/782 [09:20<57:47,  5.14s/it]
Iteration 1:  14%|█▍        | 108/782 [09:25<57:36,  5.13s/it]
Iteration 1:  14%|█▍        | 109/782 [09:30<57:28,  5.12s/it]
Iteration 1:  14%|█▍        | 110/782 [09:35<57:09,  5.10s/it]
Iteration 1:  14%|█▍        | 111/782 [09:41<57:14,  5.12s/it]
Iteration 1:  14%|█▍        | 112/782 [09:46<56:54,  5.10s/it]
Iteration 1:  14%|█▍        | 113/782 [09:51<56:50,  5.10s/it]
Iteration 1:  15%|█▍        | 114/782 [09:56<56:38,  5.09s/it]
Iteration 1:  15%|█▍        | 115/782 [10:01<56:28,  5.08s/it]
Iteration 1:  15%|█▍        | 116/782 [10:06<56:17,  5.07s/it]
Iteration 1:  15%|█▍        | 117/782 [10:11<57:06,  5.15s/it]
Iteration 1:  15%|█▌        | 118/782 [10:17<58:28,  5.28s/it]
Iteration 1:  15%|█▌        | 119/782 [10:22<58:00,  5.25s/it]
Iteration 1:  15%|█▌        | 120/782 [10:27<57:22,  5.20s/it]
Iteration 1:  15%|█▌        | 121/782 [10:32<56:57,  5.17s/it]
Iteration 1:  16%|█▌        | 122/782 [10:37<56:49,  5.17s/it]
Iteration 1:  16%|█▌        | 123/782 [10:42<56:50,  5.17s/it]
Iteration 1:  16%|█▌        | 124/782 [10:48<56:30,  5.15s/it]
Iteration 1:  16%|█▌        | 125/782 [10:53<56:13,  5.13s/it]
Iteration 1:  16%|█▌        | 126/782 [10:58<55:52,  5.11s/it]
Iteration 1:  16%|█▌        | 127/782 [11:03<55:50,  5.12s/it]
Iteration 1:  16%|█▋        | 128/782 [11:08<55:42,  5.11s/it]
Iteration 1:  16%|█▋        | 129/782 [11:13<55:44,  5.12s/it]
Iteration 1:  17%|█▋        | 130/782 [11:18<55:23,  5.10s/it]
Iteration 1:  17%|█▋        | 131/782 [11:23<55:15,  5.09s/it]
Iteration 1:  17%|█▋        | 132/782 [11:28<55:18,  5.10s/it]
Iteration 1:  17%|█▋        | 133/782 [11:33<55:10,  5.10s/it]
Iteration 1:  17%|█▋        | 134/782 [11:39<55:13,  5.11s/it]
Iteration 1:  17%|█▋        | 135/782 [11:44<55:15,  5.13s/it]
Iteration 1:  17%|█▋        | 136/782 [11:49<55:16,  5.13s/it]
Iteration 1:  18%|█▊        | 137/782 [11:54<55:12,  5.14s/it]
Iteration 1:  18%|█▊        | 138/782 [11:59<54:53,  5.11s/it]
Iteration 1:  18%|█▊        | 139/782 [12:04<54:41,  5.10s/it]
Iteration 1:  18%|█▊        | 140/782 [12:09<54:35,  5.10s/it]
Iteration 1:  18%|█▊        | 141/782 [12:14<54:39,  5.12s/it]
Iteration 1:  18%|█▊        | 142/782 [12:19<54:21,  5.10s/it]
Iteration 1:  18%|█▊        | 143/782 [12:25<54:23,  5.11s/it]
Iteration 1:  18%|█▊        | 144/782 [12:30<54:16,  5.10s/it]
Iteration 1:  19%|█▊        | 145/782 [12:35<54:54,  5.17s/it]
Iteration 1:  19%|█▊        | 146/782 [12:40<55:03,  5.19s/it]
Iteration 1:  19%|█▉        | 147/782 [12:46<55:00,  5.20s/it]
Iteration 1:  19%|█▉        | 148/782 [12:51<54:33,  5.16s/it]
Iteration 1:  19%|█▉        | 149/782 [12:56<54:13,  5.14s/it]
Iteration 1:  19%|█▉        | 150/782 [13:01<54:00,  5.13s/it]
Iteration 1:  19%|█▉        | 151/782 [13:06<53:49,  5.12s/it]
Iteration 1:  19%|█▉        | 152/782 [13:11<53:58,  5.14s/it]
Iteration 1:  20%|█▉        | 153/782 [13:16<54:07,  5.16s/it]
Iteration 1:  20%|█▉        | 154/782 [13:21<53:45,  5.14s/it]
Iteration 1:  20%|█▉        | 155/782 [13:26<53:40,  5.14s/it]
Iteration 1:  20%|█▉        | 156/782 [13:32<54:01,  5.18s/it]
Iteration 1:  20%|██        | 157/782 [13:37<53:43,  5.16s/it]
Iteration 1:  20%|██        | 158/782 [13:42<53:29,  5.14s/it]
Iteration 1:  20%|██        | 159/782 [13:47<53:16,  5.13s/it]
Iteration 1:  20%|██        | 160/782 [13:52<53:05,  5.12s/it]
Iteration 1:  21%|██        | 161/782 [13:57<53:00,  5.12s/it]
Iteration 1:  21%|██        | 162/782 [14:02<53:07,  5.14s/it]
Iteration 1:  21%|██        | 163/782 [14:08<53:32,  5.19s/it]
Iteration 1:  21%|██        | 164/782 [14:13<53:12,  5.17s/it]
Iteration 1:  21%|██        | 165/782 [14:18<52:55,  5.15s/it]
Iteration 1:  21%|██        | 166/782 [14:23<52:56,  5.16s/it]
Iteration 1:  21%|██▏       | 167/782 [14:28<52:39,  5.14s/it]
Iteration 1:  21%|██▏       | 168/782 [14:33<52:20,  5.12s/it]
Iteration 1:  22%|██▏       | 169/782 [14:38<52:11,  5.11s/it]
Iteration 1:  22%|██▏       | 170/782 [14:44<52:33,  5.15s/it]
Iteration 1:  22%|██▏       | 171/782 [14:49<52:56,  5.20s/it]
Iteration 1:  22%|██▏       | 172/782 [14:54<52:35,  5.17s/it]
Iteration 1:  22%|██▏       | 173/782 [14:59<52:14,  5.15s/it]
Iteration 1:  22%|██▏       | 174/782 [15:04<51:49,  5.12s/it]
Iteration 1:  22%|██▏       | 175/782 [15:09<51:38,  5.10s/it]
Iteration 1:  23%|██▎       | 176/782 [15:15<51:54,  5.14s/it]
Iteration 1:  23%|██▎       | 177/782 [15:20<51:55,  5.15s/it]
Iteration 1:  23%|██▎       | 178/782 [15:25<51:40,  5.13s/it]
Iteration 1:  23%|██▎       | 179/782 [15:30<51:30,  5.12s/it]
Iteration 1:  23%|██▎       | 180/782 [15:35<51:40,  5.15s/it]
Iteration 1:  23%|██▎       | 181/782 [15:40<51:36,  5.15s/it]
Iteration 1:  23%|██▎       | 182/782 [15:45<51:13,  5.12s/it]
Iteration 1:  23%|██▎       | 183/782 [15:50<51:15,  5.13s/it]
Iteration 1:  24%|██▎       | 184/782 [15:56<50:49,  5.10s/it]
Iteration 1:  24%|██▎       | 185/782 [16:01<50:43,  5.10s/it]
Iteration 1:  24%|██▍       | 186/782 [16:06<50:30,  5.08s/it]
Iteration 1:  24%|██▍       | 187/782 [16:11<50:25,  5.08s/it]
Iteration 1:  24%|██▍       | 188/782 [16:16<50:21,  5.09s/it]
Iteration 1:  24%|██▍       | 189/782 [16:21<50:19,  5.09s/it]
Iteration 1:  24%|██▍       | 190/782 [16:26<50:41,  5.14s/it]
Iteration 1:  24%|██▍       | 191/782 [16:31<50:44,  5.15s/it]
Iteration 1:  25%|██▍       | 192/782 [16:37<50:49,  5.17s/it]
Iteration 1:  25%|██▍       | 193/782 [16:42<50:43,  5.17s/it]
Iteration 1:  25%|██▍       | 194/782 [16:47<50:21,  5.14s/it]
Iteration 1:  25%|██▍       | 195/782 [16:52<50:11,  5.13s/it]
Iteration 1:  25%|██▌       | 196/782 [16:57<50:10,  5.14s/it]
Iteration 1:  25%|██▌       | 197/782 [17:02<50:06,  5.14s/it]
Iteration 1:  25%|██▌       | 198/782 [17:07<49:53,  5.13s/it]
Iteration 1:  25%|██▌       | 199/782 [17:13<50:13,  5.17s/it]
Iteration 1:  26%|██▌       | 200/782 [17:18<50:00,  5.15s/it]
Iteration 1:  26%|██▌       | 201/782 [17:23<49:41,  5.13s/it]
Iteration 1:  26%|██▌       | 202/782 [17:28<49:19,  5.10s/it]
Iteration 1:  26%|██▌       | 203/782 [17:33<49:25,  5.12s/it]
Iteration 1:  26%|██▌       | 204/782 [17:38<49:15,  5.11s/it]
Iteration 1:  26%|██▌       | 205/782 [17:43<49:08,  5.11s/it]
Iteration 1:  26%|██▋       | 206/782 [17:48<49:08,  5.12s/it]
Iteration 1:  26%|██▋       | 207/782 [17:53<49:06,  5.13s/it]
Iteration 1:  27%|██▋       | 208/782 [17:59<49:13,  5.15s/it]
Iteration 1:  27%|██▋       | 209/782 [18:04<48:52,  5.12s/it]
Iteration 1:  27%|██▋       | 210/782 [18:09<48:40,  5.11s/it]
Iteration 1:  27%|██▋       | 211/782 [18:14<48:33,  5.10s/it]
Iteration 1:  27%|██▋       | 212/782 [18:19<48:27,  5.10s/it]
Iteration 1:  27%|██▋       | 213/782 [18:24<48:59,  5.17s/it]
Iteration 1:  27%|██▋       | 214/782 [18:29<48:51,  5.16s/it]
Iteration 1:  27%|██▋       | 215/782 [18:35<48:41,  5.15s/it]
Iteration 1:  28%|██▊       | 216/782 [18:40<48:35,  5.15s/it]
Iteration 1:  28%|██▊       | 217/782 [18:45<48:18,  5.13s/it]
Iteration 1:  28%|██▊       | 218/782 [18:50<48:04,  5.11s/it]
Iteration 1:  28%|██▊       | 219/782 [18:55<48:01,  5.12s/it]
Iteration 1:  28%|██▊       | 220/782 [19:00<47:57,  5.12s/it]
Iteration 1:  28%|██▊       | 221/782 [19:05<47:45,  5.11s/it]
Iteration 1:  28%|██▊       | 222/782 [19:10<47:54,  5.13s/it]
Iteration 1:  29%|██▊       | 223/782 [19:15<47:40,  5.12s/it]
Iteration 1:  29%|██▊       | 224/782 [19:21<47:28,  5.11s/it]
Iteration 1:  29%|██▉       | 225/782 [19:26<47:23,  5.10s/it]
Iteration 1:  29%|██▉       | 226/782 [19:31<47:19,  5.11s/it]
Iteration 1:  29%|██▉       | 227/782 [19:36<47:06,  5.09s/it]
Iteration 1:  29%|██▉       | 228/782 [19:41<46:57,  5.08s/it]
Iteration 1:  29%|██▉       | 229/782 [19:46<46:55,  5.09s/it]
Iteration 1:  29%|██▉       | 230/782 [19:51<46:55,  5.10s/it]
Iteration 1:  30%|██▉       | 231/782 [19:56<46:52,  5.11s/it]
Iteration 1:  30%|██▉       | 232/782 [20:01<47:06,  5.14s/it]
Iteration 1:  30%|██▉       | 233/782 [20:07<47:00,  5.14s/it]
Iteration 1:  30%|██▉       | 234/782 [20:12<46:54,  5.14s/it]
Iteration 1:  30%|███       | 235/782 [20:17<46:40,  5.12s/it]
Iteration 1:  30%|███       | 236/782 [20:22<47:27,  5.22s/it]
Iteration 1:  30%|███       | 237/782 [20:28<47:45,  5.26s/it]
Iteration 1:  30%|███       | 238/782 [20:33<47:28,  5.24s/it]
Iteration 1:  31%|███       | 239/782 [20:38<46:53,  5.18s/it]
Iteration 1:  31%|███       | 240/782 [20:43<46:31,  5.15s/it]
Iteration 1:  31%|███       | 241/782 [20:48<46:27,  5.15s/it]
Iteration 1:  31%|███       | 242/782 [20:53<46:17,  5.14s/it]
Iteration 1:  31%|███       | 243/782 [20:58<46:05,  5.13s/it]
Iteration 1:  31%|███       | 244/782 [21:03<46:07,  5.14s/it]
Iteration 1:  31%|███▏      | 245/782 [21:09<45:52,  5.12s/it]
Iteration 1:  31%|███▏      | 246/782 [21:14<45:49,  5.13s/it]
Iteration 1:  32%|███▏      | 247/782 [21:19<45:45,  5.13s/it]
Iteration 1:  32%|███▏      | 248/782 [21:24<45:33,  5.12s/it]
Iteration 1:  32%|███▏      | 249/782 [21:29<45:26,  5.12s/it]
Iteration 1:  32%|███▏      | 250/782 [21:34<45:34,  5.14s/it]
Iteration 1:  32%|███▏      | 251/782 [21:39<45:20,  5.12s/it]
Iteration 1:  32%|███▏      | 252/782 [21:44<45:17,  5.13s/it]
Iteration 1:  32%|███▏      | 253/782 [21:50<45:07,  5.12s/it]
Iteration 1:  32%|███▏      | 254/782 [21:55<45:06,  5.13s/it]
Iteration 1:  33%|███▎      | 255/782 [22:00<45:11,  5.15s/it]
Iteration 1:  33%|███▎      | 256/782 [22:05<44:54,  5.12s/it]
Iteration 1:  33%|███▎      | 257/782 [22:10<44:45,  5.11s/it]
Iteration 1:  33%|███▎      | 258/782 [22:15<44:39,  5.11s/it]
Iteration 1:  33%|███▎      | 259/782 [22:20<44:55,  5.15s/it]
Iteration 1:  33%|███▎      | 260/782 [22:26<44:58,  5.17s/it]
Iteration 1:  33%|███▎      | 261/782 [22:31<44:37,  5.14s/it]
Iteration 1:  34%|███▎      | 262/782 [22:36<44:21,  5.12s/it]
Iteration 1:  34%|███▎      | 263/782 [22:41<44:21,  5.13s/it]
Iteration 1:  34%|███▍      | 264/782 [22:46<44:08,  5.11s/it]
Iteration 1:  34%|███▍      | 265/782 [22:51<43:54,  5.10s/it]
Iteration 1:  34%|███▍      | 266/782 [22:56<43:47,  5.09s/it]
Iteration 1:  34%|███▍      | 267/782 [23:01<44:02,  5.13s/it]
Iteration 1:  34%|███▍      | 268/782 [23:06<43:55,  5.13s/it]
Iteration 1:  34%|███▍      | 269/782 [23:12<44:14,  5.17s/it]
Iteration 1:  35%|███▍      | 270/782 [23:17<44:06,  5.17s/it]
Iteration 1:  35%|███▍      | 271/782 [23:22<43:46,  5.14s/it]
Iteration 1:  35%|███▍      | 272/782 [23:27<43:30,  5.12s/it]
Iteration 1:  35%|███▍      | 273/782 [23:32<43:21,  5.11s/it]
Iteration 1:  35%|███▌      | 274/782 [23:37<43:18,  5.11s/it]
Iteration 1:  35%|███▌      | 275/782 [23:42<43:16,  5.12s/it]
Iteration 1:  35%|███▌      | 276/782 [23:47<43:02,  5.10s/it]
Iteration 1:  35%|███▌      | 277/782 [23:53<43:07,  5.12s/it]
Iteration 1:  36%|███▌      | 278/782 [23:58<43:00,  5.12s/it]
Iteration 1:  36%|███▌      | 279/782 [24:03<43:05,  5.14s/it]
Iteration 1:  36%|███▌      | 280/782 [24:08<42:53,  5.13s/it]
Iteration 1:  36%|███▌      | 281/782 [24:13<42:38,  5.11s/it]
Iteration 1:  36%|███▌      | 282/782 [24:18<42:44,  5.13s/it]
Iteration 1:  36%|███▌      | 283/782 [24:23<42:37,  5.13s/it]
Iteration 1:  36%|███▋      | 284/782 [24:29<42:37,  5.14s/it]
Iteration 1:  36%|███▋      | 285/782 [24:34<42:26,  5.12s/it]
Iteration 1:  37%|███▋      | 286/782 [24:39<42:24,  5.13s/it]
Iteration 1:  37%|███▋      | 287/782 [24:44<42:33,  5.16s/it]
Iteration 1:  37%|███▋      | 288/782 [24:49<42:12,  5.13s/it]
Iteration 1:  37%|███▋      | 289/782 [24:54<42:12,  5.14s/it]
Iteration 1:  37%|███▋      | 290/782 [24:59<42:02,  5.13s/it]
Iteration 1:  37%|███▋      | 291/782 [25:05<42:06,  5.15s/it]
Iteration 1:  37%|███▋      | 292/782 [25:10<42:16,  5.18s/it]
Iteration 1:  37%|███▋      | 293/782 [25:15<42:35,  5.23s/it]
Iteration 1:  38%|███▊      | 294/782 [25:20<42:34,  5.23s/it]
Iteration 1:  38%|███▊      | 295/782 [25:25<42:08,  5.19s/it]
Iteration 1:  38%|███▊      | 296/782 [25:31<41:49,  5.16s/it]
Iteration 1:  38%|███▊      | 297/782 [25:36<41:45,  5.17s/it]
Iteration 1:  38%|███▊      | 298/782 [25:41<41:35,  5.16s/it]
Iteration 1:  38%|███▊      | 299/782 [25:46<41:19,  5.13s/it]
Iteration 1:  38%|███▊      | 300/782 [25:51<41:16,  5.14s/it]
Iteration 1:  38%|███▊      | 301/782 [25:56<41:05,  5.13s/it]
Iteration 1:  39%|███▊      | 302/782 [26:01<40:58,  5.12s/it]
Iteration 1:  39%|███▊      | 303/782 [26:06<40:49,  5.11s/it]
Iteration 1:  39%|███▉      | 304/782 [26:11<40:42,  5.11s/it]
Iteration 1:  39%|███▉      | 305/782 [26:17<40:37,  5.11s/it]
Iteration 1:  39%|███▉      | 306/782 [26:22<40:27,  5.10s/it]
Iteration 1:  39%|███▉      | 307/782 [26:27<40:26,  5.11s/it]
Iteration 1:  39%|███▉      | 308/782 [26:32<40:42,  5.15s/it]
Iteration 1:  40%|███▉      | 309/782 [26:37<40:27,  5.13s/it]
Iteration 1:  40%|███▉      | 310/782 [26:42<40:25,  5.14s/it]
Iteration 1:  40%|███▉      | 311/782 [26:48<40:40,  5.18s/it]
Iteration 1:  40%|███▉      | 312/782 [26:53<40:21,  5.15s/it]
Iteration 1:  40%|████      | 313/782 [26:58<40:04,  5.13s/it]
Iteration 1:  40%|████      | 314/782 [27:03<40:11,  5.15s/it]
Iteration 1:  40%|████      | 315/782 [27:08<39:56,  5.13s/it]
Iteration 1:  40%|████      | 316/782 [27:13<39:59,  5.15s/it]
Iteration 1:  41%|████      | 317/782 [27:18<39:45,  5.13s/it]
Iteration 1:  41%|████      | 318/782 [27:24<39:55,  5.16s/it]
Iteration 1:  41%|████      | 319/782 [27:29<39:37,  5.14s/it]
Iteration 1:  41%|████      | 320/782 [27:34<39:48,  5.17s/it]
Iteration 1:  41%|████      | 321/782 [27:39<39:33,  5.15s/it]
Iteration 1:  41%|████      | 322/782 [27:44<39:11,  5.11s/it]
Iteration 1:  41%|████▏     | 323/782 [27:49<38:59,  5.10s/it]
Iteration 1:  41%|████▏     | 324/782 [27:54<38:58,  5.10s/it]
Iteration 1:  42%|████▏     | 325/782 [27:59<38:46,  5.09s/it]
Iteration 1:  42%|████▏     | 326/782 [28:04<38:56,  5.12s/it]
Iteration 1:  42%|████▏     | 327/782 [28:10<39:02,  5.15s/it]
Iteration 1:  42%|████▏     | 328/782 [28:15<38:49,  5.13s/it]
Iteration 1:  42%|████▏     | 329/782 [28:20<38:40,  5.12s/it]
Iteration 1:  42%|████▏     | 330/782 [28:25<38:39,  5.13s/it]
Iteration 1:  42%|████▏     | 331/782 [28:30<38:28,  5.12s/it]
Iteration 1:  42%|████▏     | 332/782 [28:35<38:29,  5.13s/it]
Iteration 1:  43%|████▎     | 333/782 [28:40<38:17,  5.12s/it]
Iteration 1:  43%|████▎     | 334/782 [28:45<38:06,  5.10s/it]
Iteration 1:  43%|████▎     | 335/782 [28:51<38:05,  5.11s/it]
Iteration 1:  43%|████▎     | 336/782 [28:56<38:06,  5.13s/it]
Iteration 1:  43%|████▎     | 337/782 [29:01<37:58,  5.12s/it]
Iteration 1:  43%|████▎     | 338/782 [29:06<38:00,  5.14s/it]
Iteration 1:  43%|████▎     | 339/782 [29:11<38:06,  5.16s/it]
Iteration 1:  43%|████▎     | 340/782 [29:16<38:03,  5.17s/it]
Iteration 1:  44%|████▎     | 341/782 [29:21<37:45,  5.14s/it]
Iteration 1:  44%|████▎     | 342/782 [29:26<37:31,  5.12s/it]
Iteration 1:  44%|████▍     | 343/782 [29:32<37:30,  5.13s/it]
Iteration 1:  44%|████▍     | 344/782 [29:37<37:28,  5.13s/it]
Iteration 1:  44%|████▍     | 345/782 [29:42<37:18,  5.12s/it]
Iteration 1:  44%|████▍     | 346/782 [29:47<37:19,  5.14s/it]
Iteration 1:  44%|████▍     | 347/782 [29:52<37:05,  5.12s/it]
Iteration 1:  45%|████▍     | 348/782 [29:57<37:05,  5.13s/it]
Iteration 1:  45%|████▍     | 349/782 [30:03<37:13,  5.16s/it]
Iteration 1:  45%|████▍     | 350/782 [30:08<37:13,  5.17s/it]
Iteration 1:  45%|████▍     | 351/782 [30:13<37:02,  5.16s/it]
Iteration 1:  45%|████▌     | 352/782 [30:18<36:49,  5.14s/it]
Iteration 1:  45%|████▌     | 353/782 [30:23<36:46,  5.14s/it]
Iteration 1:  45%|████▌     | 354/782 [30:28<36:46,  5.16s/it]
Iteration 1:  45%|████▌     | 355/782 [30:33<36:32,  5.13s/it]
Iteration 1:  46%|████▌     | 356/782 [30:39<36:37,  5.16s/it]
Iteration 1:  46%|████▌     | 357/782 [30:44<36:25,  5.14s/it]
Iteration 1:  46%|████▌     | 358/782 [30:49<36:32,  5.17s/it]
Iteration 1:  46%|████▌     | 359/782 [30:54<36:26,  5.17s/it]
Iteration 1:  46%|████▌     | 360/782 [30:59<36:07,  5.14s/it]
Iteration 1:  46%|████▌     | 361/782 [31:04<35:56,  5.12s/it]
Iteration 1:  46%|████▋     | 362/782 [31:09<36:01,  5.15s/it]
Iteration 1:  46%|████▋     | 363/782 [31:15<36:10,  5.18s/it]
Iteration 1:  47%|████▋     | 364/782 [31:20<35:56,  5.16s/it]
Iteration 1:  47%|████▋     | 365/782 [31:25<35:57,  5.17s/it]
Iteration 1:  47%|████▋     | 366/782 [31:30<36:07,  5.21s/it]
Iteration 1:  47%|████▋     | 367/782 [31:35<36:00,  5.21s/it]
Iteration 1:  47%|████▋     | 368/782 [31:41<35:48,  5.19s/it]
Iteration 1:  47%|████▋     | 369/782 [31:46<35:31,  5.16s/it]
Iteration 1:  47%|████▋     | 370/782 [31:51<35:19,  5.14s/it]
Iteration 1:  47%|████▋     | 371/782 [31:56<35:04,  5.12s/it]
Iteration 1:  48%|████▊     | 372/782 [32:01<34:56,  5.11s/it]
Iteration 1:  48%|████▊     | 373/782 [32:06<34:48,  5.11s/it]
Iteration 1:  48%|████▊     | 374/782 [32:11<34:43,  5.11s/it]
Iteration 1:  48%|████▊     | 375/782 [32:16<34:34,  5.10s/it]
Iteration 1:  48%|████▊     | 376/782 [32:21<34:38,  5.12s/it]
Iteration 1:  48%|████▊     | 377/782 [32:27<34:34,  5.12s/it]
Iteration 1:  48%|████▊     | 378/782 [32:32<34:33,  5.13s/it]
Iteration 1:  48%|████▊     | 379/782 [32:37<34:27,  5.13s/it]
Iteration 1:  49%|████▊     | 380/782 [32:42<34:41,  5.18s/it]
Iteration 1:  49%|████▊     | 381/782 [32:47<34:44,  5.20s/it]
Iteration 1:  49%|████▉     | 382/782 [32:54<38:03,  5.71s/it]
Iteration 1:  49%|████▉     | 383/782 [32:59<36:46,  5.53s/it]
Iteration 1:  49%|████▉     | 384/782 [33:04<35:43,  5.39s/it]
Iteration 1:  49%|████▉     | 385/782 [33:10<35:02,  5.30s/it]
Iteration 1:  49%|████▉     | 386/782 [33:15<34:38,  5.25s/it]
Iteration 1:  49%|████▉     | 387/782 [33:20<34:40,  5.27s/it]
Iteration 1:  50%|████▉     | 388/782 [33:25<34:23,  5.24s/it]
Iteration 1:  50%|████▉     | 389/782 [33:30<34:18,  5.24s/it]
Iteration 1:  50%|████▉     | 390/782 [33:35<33:56,  5.20s/it]
Iteration 1:  50%|█████     | 391/782 [33:41<33:48,  5.19s/it]
Iteration 1:  50%|█████     | 392/782 [33:46<33:36,  5.17s/it]
Iteration 1:  50%|█████     | 393/782 [33:51<33:25,  5.16s/it]
Iteration 1:  50%|█████     | 394/782 [33:56<33:22,  5.16s/it]
Iteration 1:  51%|█████     | 395/782 [34:01<33:17,  5.16s/it]
Iteration 1:  51%|█████     | 396/782 [34:06<33:17,  5.18s/it]
Iteration 1:  51%|█████     | 397/782 [34:12<33:14,  5.18s/it]
Iteration 1:  51%|█████     | 398/782 [34:17<32:54,  5.14s/it]
Iteration 1:  51%|█████     | 399/782 [34:22<32:41,  5.12s/it]
Iteration 1:  51%|█████     | 400/782 [34:27<32:35,  5.12s/it]
Iteration 1:  51%|█████▏    | 401/782 [34:32<32:31,  5.12s/it]
Iteration 1:  51%|█████▏    | 402/782 [34:37<32:26,  5.12s/it]
Iteration 1:  52%|█████▏    | 403/782 [34:42<32:21,  5.12s/it]
Iteration 1:  52%|█████▏    | 404/782 [34:47<32:04,  5.09s/it]
Iteration 1:  52%|█████▏    | 405/782 [34:52<31:54,  5.08s/it]
Iteration 1:  52%|█████▏    | 406/782 [34:57<31:47,  5.07s/it]
Iteration 1:  52%|█████▏    | 407/782 [35:02<31:46,  5.08s/it]
Iteration 1:  52%|█████▏    | 408/782 [35:08<31:41,  5.08s/it]
Iteration 1:  52%|█████▏    | 409/782 [35:13<31:42,  5.10s/it]
Iteration 1:  52%|█████▏    | 410/782 [35:18<31:31,  5.09s/it]
Iteration 1:  53%|█████▎    | 411/782 [35:23<31:24,  5.08s/it]
Iteration 1:  53%|█████▎    | 412/782 [35:28<31:23,  5.09s/it]
Iteration 1:  53%|█████▎    | 413/782 [35:33<31:20,  5.10s/it]
Iteration 1:  53%|█████▎    | 414/782 [35:38<31:14,  5.09s/it]
Iteration 1:  53%|█████▎    | 415/782 [35:43<31:09,  5.09s/it]
Iteration 1:  53%|█████▎    | 416/782 [35:48<31:20,  5.14s/it]
Iteration 1:  53%|█████▎    | 417/782 [35:54<31:17,  5.14s/it]
Iteration 1:  53%|█████▎    | 418/782 [35:59<31:22,  5.17s/it]
Iteration 1:  54%|█████▎    | 419/782 [36:04<31:14,  5.17s/it]
Iteration 1:  54%|█████▎    | 420/782 [36:09<31:07,  5.16s/it]
Iteration 1:  54%|█████▍    | 421/782 [36:14<30:54,  5.14s/it]
Iteration 1:  54%|█████▍    | 422/782 [36:19<30:40,  5.11s/it]
Iteration 1:  54%|█████▍    | 423/782 [36:24<30:42,  5.13s/it]
Iteration 1:  54%|█████▍    | 424/782 [36:30<30:45,  5.16s/it]
Iteration 1:  54%|█████▍    | 425/782 [36:35<30:31,  5.13s/it]
Iteration 1:  54%|█████▍    | 426/782 [36:40<30:18,  5.11s/it]
Iteration 1:  55%|█████▍    | 427/782 [36:45<30:13,  5.11s/it]
Iteration 1:  55%|█████▍    | 428/782 [36:50<30:16,  5.13s/it]
Iteration 1:  55%|█████▍    | 429/782 [36:55<30:15,  5.14s/it]
Iteration 1:  55%|█████▍    | 430/782 [37:00<30:07,  5.14s/it]
Iteration 1:  55%|█████▌    | 431/782 [37:05<29:52,  5.11s/it]
Iteration 1:  55%|█████▌    | 432/782 [37:11<29:45,  5.10s/it]
Iteration 1:  55%|█████▌    | 433/782 [37:16<29:38,  5.09s/it]
Iteration 1:  55%|█████▌    | 434/782 [37:21<29:59,  5.17s/it]
Iteration 1:  56%|█████▌    | 435/782 [37:26<30:01,  5.19s/it]
Iteration 1:  56%|█████▌    | 436/782 [37:32<30:08,  5.23s/it]
Iteration 1:  56%|█████▌    | 437/782 [37:37<29:55,  5.21s/it]
Iteration 1:  56%|█████▌    | 438/782 [37:42<29:39,  5.17s/it]
Iteration 1:  56%|█████▌    | 439/782 [37:47<29:30,  5.16s/it]
Iteration 1:  56%|█████▋    | 440/782 [37:52<29:18,  5.14s/it]
Iteration 1:  56%|█████▋    | 441/782 [37:57<29:11,  5.14s/it]
Iteration 1:  57%|█████▋    | 442/782 [38:02<29:06,  5.14s/it]
Iteration 1:  57%|█████▋    | 443/782 [38:08<29:26,  5.21s/it]
Iteration 1:  57%|█████▋    | 444/782 [38:13<29:16,  5.20s/it]
Iteration 1:  57%|█████▋    | 445/782 [38:18<28:56,  5.15s/it]
Iteration 1:  57%|█████▋    | 446/782 [38:23<28:44,  5.13s/it]
Iteration 1:  57%|█████▋    | 447/782 [38:28<28:32,  5.11s/it]
Iteration 1:  57%|█████▋    | 448/782 [38:33<28:29,  5.12s/it]
Iteration 1:  57%|█████▋    | 449/782 [38:38<28:20,  5.11s/it]
Iteration 1:  58%|█████▊    | 450/782 [38:43<28:23,  5.13s/it]
Iteration 1:  58%|█████▊    | 451/782 [38:49<28:16,  5.12s/it]
Iteration 1:  58%|█████▊    | 452/782 [38:54<28:07,  5.11s/it]
Iteration 1:  58%|█████▊    | 453/782 [38:59<28:06,  5.13s/it]
Iteration 1:  58%|█████▊    | 454/782 [39:04<27:55,  5.11s/it]
Iteration 1:  58%|█████▊    | 455/782 [39:09<27:55,  5.12s/it]
Iteration 1:  58%|█████▊    | 456/782 [39:14<27:42,  5.10s/it]
Iteration 1:  58%|█████▊    | 457/782 [39:19<27:53,  5.15s/it]
Iteration 1:  59%|█████▊    | 458/782 [39:24<27:43,  5.13s/it]
Iteration 1:  59%|█████▊    | 459/782 [39:30<27:55,  5.19s/it]
Iteration 1:  59%|█████▉    | 460/782 [39:35<27:48,  5.18s/it]
Iteration 1:  59%|█████▉    | 461/782 [39:40<27:46,  5.19s/it]
Iteration 1:  59%|█████▉    | 462/782 [39:45<27:38,  5.18s/it]
Iteration 1:  59%|█████▉    | 463/782 [39:50<27:23,  5.15s/it]
Iteration 1:  59%|█████▉    | 464/782 [39:55<27:11,  5.13s/it]
Iteration 1:  59%|█████▉    | 465/782 [40:01<27:09,  5.14s/it]
Iteration 1:  60%|█████▉    | 466/782 [40:06<27:03,  5.14s/it]
Iteration 1:  60%|█████▉    | 467/782 [40:11<26:52,  5.12s/it]
Iteration 1:  60%|█████▉    | 468/782 [40:16<26:52,  5.14s/it]
Iteration 1:  60%|█████▉    | 469/782 [40:21<26:44,  5.13s/it]
Iteration 1:  60%|██████    | 470/782 [40:26<26:37,  5.12s/it]
Iteration 1:  60%|██████    | 471/782 [40:31<26:39,  5.14s/it]
Iteration 1:  60%|██████    | 472/782 [40:36<26:33,  5.14s/it]
Iteration 1:  60%|██████    | 473/782 [40:42<26:25,  5.13s/it]
Iteration 1:  61%|██████    | 474/782 [40:47<26:20,  5.13s/it]
Iteration 1:  61%|██████    | 475/782 [40:52<26:17,  5.14s/it]
Iteration 1:  61%|██████    | 476/782 [40:57<26:16,  5.15s/it]
Iteration 1:  61%|██████    | 477/782 [41:02<26:04,  5.13s/it]
Iteration 1:  61%|██████    | 478/782 [41:07<25:54,  5.11s/it]
Iteration 1:  61%|██████▏   | 479/782 [41:12<26:01,  5.15s/it]
Iteration 1:  61%|██████▏   | 480/782 [41:18<25:49,  5.13s/it]
Iteration 1:  62%|██████▏   | 481/782 [41:23<25:48,  5.15s/it]
Iteration 1:  62%|██████▏   | 482/782 [41:28<25:48,  5.16s/it]
Iteration 1:  62%|██████▏   | 483/782 [41:33<25:57,  5.21s/it]
Iteration 1:  62%|██████▏   | 484/782 [41:38<25:45,  5.19s/it]
Iteration 1:  62%|██████▏   | 485/782 [41:44<25:34,  5.17s/it]
Iteration 1:  62%|██████▏   | 486/782 [41:49<25:28,  5.16s/it]
Iteration 1:  62%|██████▏   | 487/782 [41:54<25:17,  5.14s/it]
Iteration 1:  62%|██████▏   | 488/782 [41:59<25:09,  5.13s/it]
Iteration 1:  63%|██████▎   | 489/782 [42:04<25:09,  5.15s/it]
Iteration 1:  63%|██████▎   | 490/782 [42:09<25:21,  5.21s/it]
Iteration 1:  63%|██████▎   | 491/782 [42:14<25:05,  5.17s/it]
Iteration 1:  63%|██████▎   | 492/782 [42:20<25:08,  5.20s/it]
Iteration 1:  63%|██████▎   | 493/782 [42:25<24:52,  5.17s/it]
Iteration 1:  63%|██████▎   | 494/782 [42:30<24:41,  5.14s/it]
Iteration 1:  63%|██████▎   | 495/782 [42:35<24:38,  5.15s/it]
Iteration 1:  63%|██████▎   | 496/782 [42:40<24:26,  5.13s/it]
Iteration 1:  64%|██████▎   | 497/782 [42:45<24:17,  5.11s/it]
Iteration 1:  64%|██████▎   | 498/782 [42:50<24:06,  5.09s/it]
Iteration 1:  64%|██████▍   | 499/782 [42:55<24:06,  5.11s/it]
Iteration 1:  64%|██████▍   | 500/782 [43:01<24:01,  5.11s/it]
Iteration 1:  64%|██████▍   | 501/782 [43:06<24:00,  5.12s/it]
Iteration 1:  64%|██████▍   | 502/782 [43:11<24:06,  5.17s/it]
Iteration 1:  64%|██████▍   | 503/782 [43:16<24:00,  5.16s/it]
Iteration 1:  64%|██████▍   | 504/782 [43:21<24:02,  5.19s/it]
Iteration 1:  65%|██████▍   | 505/782 [43:27<23:59,  5.20s/it]
Iteration 1:  65%|██████▍   | 506/782 [43:32<24:01,  5.22s/it]
Iteration 1:  65%|██████▍   | 507/782 [43:37<23:59,  5.24s/it]
Iteration 1:  65%|██████▍   | 508/782 [43:42<23:55,  5.24s/it]
Iteration 1:  65%|██████▌   | 509/782 [43:48<23:47,  5.23s/it]
Iteration 1:  65%|██████▌   | 510/782 [43:53<23:39,  5.22s/it]
Iteration 1:  65%|██████▌   | 511/782 [43:58<23:23,  5.18s/it]
Iteration 1:  65%|██████▌   | 512/782 [44:03<23:12,  5.16s/it]
Iteration 1:  66%|██████▌   | 513/782 [44:08<23:06,  5.15s/it]
Iteration 1:  66%|██████▌   | 514/782 [44:13<22:57,  5.14s/it]
Iteration 1:  66%|██████▌   | 515/782 [44:18<22:49,  5.13s/it]
Iteration 1:  66%|██████▌   | 516/782 [44:23<22:42,  5.12s/it]
Iteration 1:  66%|██████▌   | 517/782 [44:29<22:39,  5.13s/it]
Iteration 1:  66%|██████▌   | 518/782 [44:34<22:38,  5.15s/it]
Iteration 1:  66%|██████▋   | 519/782 [44:39<22:30,  5.13s/it]
Iteration 1:  66%|██████▋   | 520/782 [44:44<22:18,  5.11s/it]
Iteration 1:  67%|██████▋   | 521/782 [44:49<22:13,  5.11s/it]
Iteration 1:  67%|██████▋   | 522/782 [44:54<22:07,  5.11s/it]
Iteration 1:  67%|██████▋   | 523/782 [44:59<21:57,  5.09s/it]
Iteration 1:  67%|██████▋   | 524/782 [45:04<21:53,  5.09s/it]
Iteration 1:  67%|██████▋   | 525/782 [45:09<21:47,  5.09s/it]
Iteration 1:  67%|██████▋   | 526/782 [45:14<21:43,  5.09s/it]
Iteration 1:  67%|██████▋   | 527/782 [45:20<21:38,  5.09s/it]
Iteration 1:  68%|██████▊   | 528/782 [45:25<21:39,  5.12s/it]
Iteration 1:  68%|██████▊   | 529/782 [45:30<21:36,  5.13s/it]
Iteration 1:  68%|██████▊   | 530/782 [45:35<21:48,  5.19s/it]
Iteration 1:  68%|██████▊   | 531/782 [45:40<21:38,  5.17s/it]
Iteration 1:  68%|██████▊   | 532/782 [45:45<21:25,  5.14s/it]
Iteration 1:  68%|██████▊   | 533/782 [45:51<21:18,  5.14s/it]
Iteration 1:  68%|██████▊   | 534/782 [45:56<21:16,  5.15s/it]
Iteration 1:  68%|██████▊   | 535/782 [46:01<21:11,  5.15s/it]
Iteration 1:  69%|██████▊   | 536/782 [46:06<21:03,  5.13s/it]
Iteration 1:  69%|██████▊   | 537/782 [46:11<20:59,  5.14s/it]
Iteration 1:  69%|██████▉   | 538/782 [46:16<21:05,  5.19s/it]
Iteration 1:  69%|██████▉   | 539/782 [46:22<21:08,  5.22s/it]
Iteration 1:  69%|██████▉   | 540/782 [46:27<21:21,  5.29s/it]
Iteration 1:  69%|██████▉   | 541/782 [46:33<21:59,  5.48s/it]
Iteration 1:  69%|██████▉   | 542/782 [46:38<21:31,  5.38s/it]
Iteration 1:  69%|██████▉   | 543/782 [46:44<21:28,  5.39s/it]
Iteration 1:  70%|██████▉   | 544/782 [46:49<21:04,  5.31s/it]
Iteration 1:  70%|██████▉   | 545/782 [46:54<20:43,  5.25s/it]
Iteration 1:  70%|██████▉   | 546/782 [46:59<20:39,  5.25s/it]
Iteration 1:  70%|██████▉   | 547/782 [47:04<20:31,  5.24s/it]
Iteration 1:  70%|███████   | 548/782 [47:09<20:14,  5.19s/it]
Iteration 1:  70%|███████   | 549/782 [47:15<20:06,  5.18s/it]
Iteration 1:  70%|███████   | 550/782 [47:20<19:55,  5.15s/it]
Iteration 1:  70%|███████   | 551/782 [47:25<19:49,  5.15s/it]
Iteration 1:  71%|███████   | 552/782 [47:30<19:40,  5.13s/it]
Iteration 1:  71%|███████   | 553/782 [47:35<19:35,  5.13s/it]
Iteration 1:  71%|███████   | 554/782 [47:40<19:27,  5.12s/it]
Iteration 1:  71%|███████   | 555/782 [47:45<19:26,  5.14s/it]
Iteration 1:  71%|███████   | 556/782 [47:50<19:21,  5.14s/it]
Iteration 1:  71%|███████   | 557/782 [47:56<19:25,  5.18s/it]
Iteration 1:  71%|███████▏  | 558/782 [48:01<19:16,  5.16s/it]
Iteration 1:  71%|███████▏  | 559/782 [48:06<19:20,  5.21s/it]
Iteration 1:  72%|███████▏  | 560/782 [48:11<19:12,  5.19s/it]
Iteration 1:  72%|███████▏  | 561/782 [48:16<18:59,  5.16s/it]
Iteration 1:  72%|███████▏  | 562/782 [48:22<19:05,  5.21s/it]
Iteration 1:  72%|███████▏  | 563/782 [48:27<18:59,  5.20s/it]
Iteration 1:  72%|███████▏  | 564/782 [48:32<19:00,  5.23s/it]
Iteration 1:  72%|███████▏  | 565/782 [48:38<19:01,  5.26s/it]
Iteration 1:  72%|███████▏  | 566/782 [48:43<18:52,  5.24s/it]
Iteration 1:  73%|███████▎  | 567/782 [48:48<18:46,  5.24s/it]
Iteration 1:  73%|███████▎  | 568/782 [48:53<18:30,  5.19s/it]
Iteration 1:  73%|███████▎  | 569/782 [48:58<18:19,  5.16s/it]
Iteration 1:  73%|███████▎  | 570/782 [49:03<18:15,  5.17s/it]
Iteration 1:  73%|███████▎  | 571/782 [49:08<18:06,  5.15s/it]
Iteration 1:  73%|███████▎  | 572/782 [49:14<18:03,  5.16s/it]
Iteration 1:  73%|███████▎  | 573/782 [49:19<17:54,  5.14s/it]
Iteration 1:  73%|███████▎  | 574/782 [49:24<17:51,  5.15s/it]
Iteration 1:  74%|███████▎  | 575/782 [49:29<17:43,  5.14s/it]
Iteration 1:  74%|███████▎  | 576/782 [49:34<17:37,  5.13s/it]
Iteration 1:  74%|███████▍  | 577/782 [49:39<17:29,  5.12s/it]
Iteration 1:  74%|███████▍  | 578/782 [49:44<17:18,  5.09s/it]
Iteration 1:  74%|███████▍  | 579/782 [49:49<17:21,  5.13s/it]
Iteration 1:  74%|███████▍  | 580/782 [49:55<17:18,  5.14s/it]
Iteration 1:  74%|███████▍  | 581/782 [50:00<17:07,  5.11s/it]
Iteration 1:  74%|███████▍  | 582/782 [50:05<17:02,  5.11s/it]
Iteration 1:  75%|███████▍  | 583/782 [50:10<16:58,  5.12s/it]
Iteration 1:  75%|███████▍  | 584/782 [50:15<16:56,  5.13s/it]
Iteration 1:  75%|███████▍  | 585/782 [50:20<16:51,  5.13s/it]
Iteration 1:  75%|███████▍  | 586/782 [50:25<16:46,  5.13s/it]
Iteration 1:  75%|███████▌  | 587/782 [50:31<16:42,  5.14s/it]
Iteration 1:  75%|███████▌  | 588/782 [50:36<16:39,  5.15s/it]
Iteration 1:  75%|███████▌  | 589/782 [50:41<16:36,  5.16s/it]
Iteration 1:  75%|███████▌  | 590/782 [50:46<16:46,  5.24s/it]
Iteration 1:  76%|███████▌  | 591/782 [50:52<16:40,  5.24s/it]
Iteration 1:  76%|███████▌  | 592/782 [50:57<16:34,  5.24s/it]
Iteration 1:  76%|███████▌  | 593/782 [51:02<16:24,  5.21s/it]
Iteration 1:  76%|███████▌  | 594/782 [51:07<16:13,  5.18s/it]
Iteration 1:  76%|███████▌  | 595/782 [51:12<16:07,  5.17s/it]
Iteration 1:  76%|███████▌  | 596/782 [51:17<15:59,  5.16s/it]
Iteration 1:  76%|███████▋  | 597/782 [51:23<16:05,  5.22s/it]
Iteration 1:  76%|███████▋  | 598/782 [51:28<16:01,  5.22s/it]
Iteration 1:  77%|███████▋  | 599/782 [51:33<15:54,  5.21s/it]
Iteration 1:  77%|███████▋  | 600/782 [51:38<15:42,  5.18s/it]
Iteration 1:  77%|███████▋  | 601/782 [51:43<15:36,  5.17s/it]
Iteration 1:  77%|███████▋  | 602/782 [51:48<15:29,  5.16s/it]
Iteration 1:  77%|███████▋  | 603/782 [51:54<15:22,  5.15s/it]
Iteration 1:  77%|███████▋  | 604/782 [51:59<15:14,  5.14s/it]
Iteration 1:  77%|███████▋  | 605/782 [52:04<15:03,  5.11s/it]
Iteration 1:  77%|███████▋  | 606/782 [52:09<15:01,  5.12s/it]
Iteration 1:  78%|███████▊  | 607/782 [52:14<14:59,  5.14s/it]
Iteration 1:  78%|███████▊  | 608/782 [52:19<14:49,  5.11s/it]
Iteration 1:  78%|███████▊  | 609/782 [52:24<14:50,  5.15s/it]
Iteration 1:  78%|███████▊  | 610/782 [52:29<14:41,  5.12s/it]
Iteration 1:  78%|███████▊  | 611/782 [52:35<14:40,  5.15s/it]
Iteration 1:  78%|███████▊  | 612/782 [52:40<14:31,  5.13s/it]
Iteration 1:  78%|███████▊  | 613/782 [52:45<14:30,  5.15s/it]
Iteration 1:  79%|███████▊  | 614/782 [52:50<14:29,  5.18s/it]
Iteration 1:  79%|███████▊  | 615/782 [52:56<14:39,  5.27s/it]
Iteration 1:  79%|███████▉  | 616/782 [53:01<14:25,  5.22s/it]
Iteration 1:  79%|███████▉  | 617/782 [53:06<14:14,  5.18s/it]
Iteration 1:  79%|███████▉  | 618/782 [53:11<14:05,  5.15s/it]
Iteration 1:  79%|███████▉  | 619/782 [53:16<13:56,  5.13s/it]
Iteration 1:  79%|███████▉  | 620/782 [53:21<13:48,  5.11s/it]
Iteration 1:  79%|███████▉  | 621/782 [53:26<13:43,  5.11s/it]
Iteration 1:  80%|███████▉  | 622/782 [53:31<13:44,  5.15s/it]
Iteration 1:  80%|███████▉  | 623/782 [53:36<13:34,  5.12s/it]
Iteration 1:  80%|███████▉  | 624/782 [53:42<13:43,  5.22s/it]
Iteration 1:  80%|███████▉  | 625/782 [53:47<13:45,  5.26s/it]
Iteration 1:  80%|████████  | 626/782 [53:53<13:38,  5.25s/it]
Iteration 1:  80%|████████  | 627/782 [53:58<13:26,  5.20s/it]
Iteration 1:  80%|████████  | 628/782 [54:03<13:23,  5.22s/it]
Iteration 1:  80%|████████  | 629/782 [54:08<13:16,  5.21s/it]
Iteration 1:  81%|████████  | 630/782 [54:13<13:09,  5.19s/it]
Iteration 1:  81%|████████  | 631/782 [54:18<12:59,  5.16s/it]
Iteration 1:  81%|████████  | 632/782 [54:23<12:53,  5.15s/it]
Iteration 1:  81%|████████  | 633/782 [54:29<12:44,  5.13s/it]
Iteration 1:  81%|████████  | 634/782 [54:34<12:42,  5.15s/it]
Iteration 1:  81%|████████  | 635/782 [54:39<12:33,  5.13s/it]
Iteration 1:  81%|████████▏ | 636/782 [54:44<12:29,  5.13s/it]
Iteration 1:  81%|████████▏ | 637/782 [54:49<12:21,  5.12s/it]
Iteration 1:  82%|████████▏ | 638/782 [54:54<12:16,  5.11s/it]
Iteration 1:  82%|████████▏ | 639/782 [54:59<12:10,  5.11s/it]
Iteration 1:  82%|████████▏ | 640/782 [55:04<12:06,  5.12s/it]
Iteration 1:  82%|████████▏ | 641/782 [55:10<12:03,  5.13s/it]
Iteration 1:  82%|████████▏ | 642/782 [55:15<11:58,  5.13s/it]
Iteration 1:  82%|████████▏ | 643/782 [55:20<11:53,  5.13s/it]
Iteration 1:  82%|████████▏ | 644/782 [55:25<11:49,  5.14s/it]
Iteration 1:  82%|████████▏ | 645/782 [55:30<11:44,  5.14s/it]
Iteration 1:  83%|████████▎ | 646/782 [55:35<11:40,  5.15s/it]
Iteration 1:  83%|████████▎ | 647/782 [55:40<11:36,  5.16s/it]
Iteration 1:  83%|████████▎ | 648/782 [55:46<11:30,  5.16s/it]
Iteration 1:  83%|████████▎ | 649/782 [55:51<11:23,  5.14s/it]
Iteration 1:  83%|████████▎ | 650/782 [55:56<11:19,  5.15s/it]
Iteration 1:  83%|████████▎ | 651/782 [56:01<11:14,  5.15s/it]
Iteration 1:  83%|████████▎ | 652/782 [56:06<11:06,  5.13s/it]
Iteration 1:  84%|████████▎ | 653/782 [56:11<11:03,  5.14s/it]
Iteration 1:  84%|████████▎ | 654/782 [56:16<10:57,  5.14s/it]
Iteration 1:  84%|████████▍ | 655/782 [56:22<10:53,  5.14s/it]
Iteration 1:  84%|████████▍ | 656/782 [56:27<10:47,  5.14s/it]
Iteration 1:  84%|████████▍ | 657/782 [56:32<10:48,  5.19s/it]
Iteration 1:  84%|████████▍ | 658/782 [56:37<10:41,  5.17s/it]
Iteration 1:  84%|████████▍ | 659/782 [56:42<10:34,  5.16s/it]
Iteration 1:  84%|████████▍ | 660/782 [56:47<10:25,  5.13s/it]
Iteration 1:  85%|████████▍ | 661/782 [56:52<10:20,  5.13s/it]
Iteration 1:  85%|████████▍ | 662/782 [56:57<10:14,  5.12s/it]
Iteration 1:  85%|████████▍ | 663/782 [57:03<10:09,  5.12s/it]
Iteration 1:  85%|████████▍ | 664/782 [57:08<10:03,  5.11s/it]
Iteration 1:  85%|████████▌ | 665/782 [57:13<10:01,  5.14s/it]
Iteration 1:  85%|████████▌ | 666/782 [57:18<09:54,  5.12s/it]
Iteration 1:  85%|████████▌ | 667/782 [57:23<09:49,  5.13s/it]
Iteration 1:  85%|████████▌ | 668/782 [57:28<09:49,  5.17s/it]
Iteration 1:  86%|████████▌ | 669/782 [57:34<09:46,  5.19s/it]
Iteration 1:  86%|████████▌ | 670/782 [57:39<09:37,  5.16s/it]
Iteration 1:  86%|████████▌ | 671/782 [57:44<09:37,  5.20s/it]
Iteration 1:  86%|████████▌ | 672/782 [57:49<09:30,  5.19s/it]
Iteration 1:  86%|████████▌ | 673/782 [57:54<09:22,  5.16s/it]
Iteration 1:  86%|████████▌ | 674/782 [57:59<09:14,  5.13s/it]
Iteration 1:  86%|████████▋ | 675/782 [58:05<09:10,  5.14s/it]
Iteration 1:  86%|████████▋ | 676/782 [58:10<09:06,  5.15s/it]
Iteration 1:  87%|████████▋ | 677/782 [58:15<09:02,  5.17s/it]
Iteration 1:  87%|████████▋ | 678/782 [58:20<09:03,  5.23s/it]
Iteration 1:  87%|████████▋ | 679/782 [58:25<08:55,  5.20s/it]
Iteration 1:  87%|████████▋ | 680/782 [58:31<08:53,  5.23s/it]
Iteration 1:  87%|████████▋ | 681/782 [58:36<08:44,  5.19s/it]
Iteration 1:  87%|████████▋ | 682/782 [58:41<08:36,  5.17s/it]
Iteration 1:  87%|████████▋ | 683/782 [58:46<08:30,  5.16s/it]
Iteration 1:  87%|████████▋ | 684/782 [58:51<08:23,  5.14s/it]
Iteration 1:  88%|████████▊ | 685/782 [58:56<08:17,  5.13s/it]
Iteration 1:  88%|████████▊ | 686/782 [59:01<08:12,  5.13s/it]
Iteration 1:  88%|████████▊ | 687/782 [59:06<08:05,  5.11s/it]
Iteration 1:  88%|████████▊ | 688/782 [59:12<08:02,  5.13s/it]
Iteration 1:  88%|████████▊ | 689/782 [59:17<07:54,  5.10s/it]
Iteration 1:  88%|████████▊ | 690/782 [59:22<07:49,  5.10s/it]
Iteration 1:  88%|████████▊ | 691/782 [59:27<07:43,  5.09s/it]
Iteration 1:  88%|████████▊ | 692/782 [59:32<07:39,  5.10s/it]
Iteration 1:  89%|████████▊ | 693/782 [59:37<07:37,  5.14s/it]
Iteration 1:  89%|████████▊ | 694/782 [59:42<07:33,  5.15s/it]
Iteration 1:  89%|████████▉ | 695/782 [59:48<07:27,  5.14s/it]
Iteration 1:  89%|████████▉ | 696/782 [59:53<07:21,  5.13s/it]
Iteration 1:  89%|████████▉ | 697/782 [59:58<07:15,  5.12s/it]
Iteration 1:  89%|████████▉ | 698/782 [1:00:03<07:10,  5.13s/it]
Iteration 1:  89%|████████▉ | 699/782 [1:00:08<07:04,  5.11s/it]
Iteration 1:  90%|████████▉ | 700/782 [1:00:13<07:03,  5.17s/it]
Iteration 1:  90%|████████▉ | 701/782 [1:00:18<06:56,  5.14s/it]
Iteration 1:  90%|████████▉ | 702/782 [1:00:23<06:49,  5.11s/it]
Iteration 1:  90%|████████▉ | 703/782 [1:00:29<06:47,  5.16s/it]
Iteration 1:  90%|█████████ | 704/782 [1:00:34<06:46,  5.21s/it]
Iteration 1:  90%|█████████ | 705/782 [1:00:39<06:41,  5.22s/it]
Iteration 1:  90%|█████████ | 706/782 [1:00:44<06:33,  5.18s/it]
Iteration 1:  90%|█████████ | 707/782 [1:00:49<06:27,  5.17s/it]
Iteration 1:  91%|█████████ | 708/782 [1:00:55<06:21,  5.15s/it]
Iteration 1:  91%|█████████ | 709/782 [1:01:00<06:14,  5.13s/it]
Iteration 1:  91%|█████████ | 710/782 [1:01:05<06:09,  5.13s/it]
Iteration 1:  91%|█████████ | 711/782 [1:01:10<06:04,  5.14s/it]
Iteration 1:  91%|█████████ | 712/782 [1:01:15<05:58,  5.11s/it]
Iteration 1:  91%|█████████ | 713/782 [1:01:20<05:51,  5.09s/it]
Iteration 1:  91%|█████████▏| 714/782 [1:01:25<05:48,  5.12s/it]
Iteration 1:  91%|█████████▏| 715/782 [1:01:30<05:42,  5.11s/it]
Iteration 1:  92%|█████████▏| 716/782 [1:01:35<05:39,  5.14s/it]
Iteration 1:  92%|█████████▏| 717/782 [1:01:41<05:35,  5.16s/it]
Iteration 1:  92%|█████████▏| 718/782 [1:01:46<05:29,  5.15s/it]
Iteration 1:  92%|█████████▏| 719/782 [1:01:51<05:24,  5.15s/it]
Iteration 1:  92%|█████████▏| 720/782 [1:01:56<05:17,  5.13s/it]
Iteration 1:  92%|█████████▏| 721/782 [1:02:01<05:12,  5.12s/it]
Iteration 1:  92%|█████████▏| 722/782 [1:02:06<05:06,  5.10s/it]
Iteration 1:  92%|█████████▏| 723/782 [1:02:11<05:02,  5.13s/it]
Iteration 1:  93%|█████████▎| 724/782 [1:02:17<04:57,  5.13s/it]
Iteration 1:  93%|█████████▎| 725/782 [1:02:22<04:53,  5.14s/it]
Iteration 1:  93%|█████████▎| 726/782 [1:02:27<04:47,  5.13s/it]
Iteration 1:  93%|█████████▎| 727/782 [1:02:32<04:42,  5.13s/it]
Iteration 1:  93%|█████████▎| 728/782 [1:02:37<04:36,  5.12s/it]
Iteration 1:  93%|█████████▎| 729/782 [1:02:42<04:31,  5.13s/it]
Iteration 1:  93%|█████████▎| 730/782 [1:02:47<04:26,  5.13s/it]
Iteration 1:  93%|█████████▎| 731/782 [1:02:53<04:25,  5.20s/it]
Iteration 1:  94%|█████████▎| 732/782 [1:02:58<04:18,  5.18s/it]
Iteration 1:  94%|█████████▎| 733/782 [1:03:03<04:13,  5.17s/it]
Iteration 1:  94%|█████████▍| 734/782 [1:03:08<04:07,  5.16s/it]
Iteration 1:  94%|█████████▍| 735/782 [1:03:13<04:04,  5.20s/it]
Iteration 1:  94%|█████████▍| 736/782 [1:03:18<03:57,  5.17s/it]
Iteration 1:  94%|█████████▍| 737/782 [1:03:24<03:51,  5.15s/it]
Iteration 1:  94%|█████████▍| 738/782 [1:03:29<03:46,  5.15s/it]
Iteration 1:  95%|█████████▍| 739/782 [1:03:34<03:40,  5.13s/it]
Iteration 1:  95%|█████████▍| 740/782 [1:03:39<03:35,  5.12s/it]
Iteration 1:  95%|█████████▍| 741/782 [1:03:44<03:30,  5.15s/it]
Iteration 1:  95%|█████████▍| 742/782 [1:03:49<03:25,  5.14s/it]
Iteration 1:  95%|█████████▌| 743/782 [1:03:54<03:19,  5.12s/it]
Iteration 1:  95%|█████████▌| 744/782 [1:04:00<03:16,  5.18s/it]
Iteration 1:  95%|█████████▌| 745/782 [1:04:05<03:10,  5.16s/it]
Iteration 1:  95%|█████████▌| 746/782 [1:04:10<03:07,  5.22s/it]
Iteration 1:  96%|█████████▌| 747/782 [1:04:15<03:01,  5.17s/it]
Iteration 1:  96%|█████████▌| 748/782 [1:04:20<02:57,  5.22s/it]
Iteration 1:  96%|█████████▌| 749/782 [1:04:26<02:51,  5.19s/it]
Iteration 1:  96%|█████████▌| 750/782 [1:04:31<02:45,  5.17s/it]
Iteration 1:  96%|█████████▌| 751/782 [1:04:36<02:41,  5.20s/it]
Iteration 1:  96%|█████████▌| 752/782 [1:04:41<02:35,  5.17s/it]
Iteration 1:  96%|█████████▋| 753/782 [1:04:46<02:31,  5.23s/it]
Iteration 1:  96%|█████████▋| 754/782 [1:04:52<02:27,  5.25s/it]
Iteration 1:  97%|█████████▋| 755/782 [1:04:57<02:21,  5.23s/it]
Iteration 1:  97%|█████████▋| 756/782 [1:05:02<02:15,  5.22s/it]
Iteration 1:  97%|█████████▋| 757/782 [1:05:07<02:09,  5.18s/it]
Iteration 1:  97%|█████████▋| 758/782 [1:05:12<02:04,  5.19s/it]
Iteration 1:  97%|█████████▋| 759/782 [1:05:18<01:58,  5.15s/it]
Iteration 1:  97%|█████████▋| 760/782 [1:05:23<01:52,  5.13s/it]
Iteration 1:  97%|█████████▋| 761/782 [1:05:28<01:47,  5.14s/it]
Iteration 1:  97%|█████████▋| 762/782 [1:05:33<01:43,  5.16s/it]
Iteration 1:  98%|█████████▊| 763/782 [1:05:38<01:37,  5.15s/it]
Iteration 1:  98%|█████████▊| 764/782 [1:05:43<01:32,  5.14s/it]
Iteration 1:  98%|█████████▊| 765/782 [1:05:48<01:27,  5.17s/it]
Iteration 1:  98%|█████████▊| 766/782 [1:05:54<01:22,  5.17s/it]
Iteration 1:  98%|█████████▊| 767/782 [1:05:59<01:17,  5.19s/it]
Iteration 1:  98%|█████████▊| 768/782 [1:06:04<01:12,  5.16s/it]
Iteration 1:  98%|█████████▊| 769/782 [1:06:09<01:06,  5.14s/it]
Iteration 1:  98%|█████████▊| 770/782 [1:06:14<01:01,  5.14s/it]
Iteration 1:  99%|█████████▊| 771/782 [1:06:19<00:56,  5.17s/it]
Iteration 1:  99%|█████████▊| 772/782 [1:06:25<00:51,  5.16s/it]
Iteration 1:  99%|█████████▉| 773/782 [1:06:30<00:46,  5.17s/it]
Iteration 1:  99%|█████████▉| 774/782 [1:06:35<00:42,  5.25s/it]
Iteration 1:  99%|█████████▉| 775/782 [1:06:41<00:36,  5.28s/it]
Iteration 1:  99%|█████████▉| 776/782 [1:06:46<00:31,  5.26s/it]
Iteration 1:  99%|█████████▉| 777/782 [1:06:51<00:26,  5.23s/it]
Iteration 1:  99%|█████████▉| 778/782 [1:06:56<00:20,  5.19s/it]
Iteration 1: 100%|█████████▉| 779/782 [1:07:01<00:15,  5.17s/it]
Iteration 1: 100%|█████████▉| 780/782 [1:07:06<00:10,  5.17s/it]
Iteration 1: 100%|█████████▉| 781/782 [1:07:11<00:05,  5.16s/it]
Iteration 1: 100%|██████████| 782/782 [1:07:16<00:00,  5.09s/it]
Iteration 1: 100%|██████████| 782/782 [1:07:16<00:00,  5.16s/it]
[2024-11-13 09:43:29] INFO: Iteration: 1, Avg Total Loss: 3.8902283920288068, Avg Reconstruction Loss: 1.0142829290962216, Avg Classification Loss: 2.875945464859011, Percetn of erronous batches : 0.0  
Train AUC ROC: {'Close_lagged_3_adjusted_return_class_15': 0.6889938230985609, 'Low_lagged_1_adjusted_return_class_30': 0.6874592640625892, 'Open_lagged_1_adjusted_return_class_30': 0.6828172428349629, 'High_lagged_1_adjusted_return_class_30': 0.689239468601256, 'Close_lagged_5_adjusted_return_class_10': 0.69206749998719, 'Close_lagged_1_adjusted_return_class_30': 0.686469609181578, 'Close_lagged_2_adjusted_return_class_20': 0.6930834797615079, 'Volume_lagged_1_adjusted_return_class_30': 0.5819796931097738, 'Volume_lagged_2_adjusted_return_class_20': 0.5844311067329386, 'Volume_lagged_3_adjusted_return_class_15': 0.5874827721016408, 'Multitask AUC': 0.6574023959471998}
Test AUC ROC: {'Close_lagged_3_adjusted_return_class_15': 0.6876538553947972, 'Low_lagged_1_adjusted_return_class_30': 0.6866514556657185, 'Open_lagged_1_adjusted_return_class_30': 0.679235156234822, 'High_lagged_1_adjusted_return_class_30': 0.6867835429704127, 'Close_lagged_5_adjusted_return_class_10': 0.6910116372292168, 'Close_lagged_1_adjusted_return_class_30': 0.6850662710218292, 'Close_lagged_2_adjusted_return_class_20': 0.6916975680398044, 'Volume_lagged_1_adjusted_return_class_30': 0.5798730449234746, 'Volume_lagged_2_adjusted_return_class_20': 0.5823414371074339, 'Volume_lagged_3_adjusted_return_class_15': 0.5856057292878081, 'Multitask AUC': 0.6555919697875318}
_________________ Model saved to /trading_robot/src/Artifacts/Models/3b080c9cad3f4d59874846b0889aa4604b2bf6cb06c80927781053f386c7b399.pth _________________
Model saved to 3b080c9cad3f4d59874846b0889aa4604b2bf6cb06c80927781053f386c7b399
Best model on the AUC Test 
_________________ Model saved to /trading_robot/src/Artifacts/Models/1_3b080c9cad3f4d59874846b0889aa4604b2bf6cb06c80927781053f386c7b399.pth _________________

Iteration 2:   0%|          | 0/782 [00:00<?, ?it/s]
Iteration 2:   0%|          | 1/782 [00:08<1:45:17,  8.09s/it]
Iteration 2:   0%|          | 2/782 [00:13<1:28:14,  6.79s/it]
Iteration 2:   0%|          | 3/782 [00:19<1:20:21,  6.19s/it]
Iteration 2:   1%|          | 4/782 [00:25<1:18:01,  6.02s/it]
Iteration 2:   1%|          | 5/782 [00:30<1:14:52,  5.78s/it]
Iteration 2:   1%|          | 6/782 [00:35<1:11:54,  5.56s/it]
Iteration 2:   1%|          | 7/782 [00:40<1:10:09,  5.43s/it]
Iteration 2:   1%|          | 8/782 [00:46<1:09:25,  5.38s/it]
Iteration 2:   1%|          | 9/782 [00:51<1:08:15,  5.30s/it]
Iteration 2:   1%|▏         | 10/782 [00:56<1:07:52,  5.27s/it]
Iteration 2:   1%|▏         | 11/782 [01:01<1:08:15,  5.31s/it]
Iteration 2:   2%|▏         | 12/782 [01:07<1:07:54,  5.29s/it]
Iteration 2:   2%|▏         | 13/782 [01:12<1:07:01,  5.23s/it]
Iteration 2:   2%|▏         | 14/782 [01:17<1:06:24,  5.19s/it]
Iteration 2:   2%|▏         | 15/782 [01:22<1:06:07,  5.17s/it]
Iteration 2:   2%|▏         | 16/782 [01:27<1:05:55,  5.16s/it]
Iteration 2:   2%|▏         | 17/782 [01:32<1:06:30,  5.22s/it]
Iteration 2:   2%|▏         | 18/782 [01:38<1:06:00,  5.18s/it]
Iteration 2:   2%|▏         | 19/782 [01:43<1:05:57,  5.19s/it]
Iteration 2:   3%|▎         | 20/782 [01:48<1:05:52,  5.19s/it]
Iteration 2:   3%|▎         | 21/782 [01:53<1:05:44,  5.18s/it]
Iteration 2:   3%|▎         | 22/782 [01:58<1:06:06,  5.22s/it]
Iteration 2:   3%|▎         | 23/782 [02:04<1:06:04,  5.22s/it]
Iteration 2:   3%|▎         | 24/782 [02:09<1:05:36,  5.19s/it]
Iteration 2:   3%|▎         | 25/782 [02:14<1:05:10,  5.17s/it]
Iteration 2:   3%|▎         | 26/782 [02:19<1:04:56,  5.15s/it]
Iteration 2:   3%|▎         | 27/782 [02:24<1:04:58,  5.16s/it]
Iteration 2:   4%|▎         | 28/782 [02:29<1:04:49,  5.16s/it]
Iteration 2:   4%|▎         | 29/782 [02:34<1:04:35,  5.15s/it]
Iteration 2:   4%|▍         | 30/782 [02:40<1:04:39,  5.16s/it]
Iteration 2:   4%|▍         | 31/782 [02:45<1:04:26,  5.15s/it]
Iteration 2:   4%|▍         | 32/782 [02:50<1:04:21,  5.15s/it]
Iteration 2:   4%|▍         | 33/782 [02:55<1:05:00,  5.21s/it]
Iteration 2:   4%|▍         | 34/782 [03:00<1:04:32,  5.18s/it]
Iteration 2:   4%|▍         | 35/782 [03:05<1:04:14,  5.16s/it]
Iteration 2:   5%|▍         | 36/782 [03:11<1:04:03,  5.15s/it]
Iteration 2:   5%|▍         | 37/782 [03:16<1:04:32,  5.20s/it]
Iteration 2:   5%|▍         | 38/782 [03:21<1:04:31,  5.20s/it]
Iteration 2:   5%|▍         | 39/782 [03:26<1:03:57,  5.16s/it]
Iteration 2:   5%|▌         | 40/782 [03:31<1:03:38,  5.15s/it]
Iteration 2:   5%|▌         | 41/782 [03:36<1:03:25,  5.14s/it]
Iteration 2:   5%|▌         | 42/782 [03:42<1:03:53,  5.18s/it]
Iteration 2:   5%|▌         | 43/782 [03:47<1:03:41,  5.17s/it]
Iteration 2:   6%|▌         | 44/782 [03:52<1:03:35,  5.17s/it]
Iteration 2:   6%|▌         | 45/782 [03:57<1:03:34,  5.18s/it]
Iteration 2:   6%|▌         | 46/782 [04:02<1:03:54,  5.21s/it]
Iteration 2:   6%|▌         | 47/782 [04:08<1:04:33,  5.27s/it]
Iteration 2:   6%|▌         | 48/782 [04:13<1:03:55,  5.23s/it]
Iteration 2:   6%|▋         | 49/782 [04:18<1:03:25,  5.19s/it]
Iteration 2:   6%|▋         | 50/782 [04:23<1:02:55,  5.16s/it]
Iteration 2:   7%|▋         | 51/782 [04:28<1:02:47,  5.15s/it]
Iteration 2:   7%|▋         | 52/782 [04:33<1:02:22,  5.13s/it]
Iteration 2:   7%|▋         | 53/782 [04:39<1:02:19,  5.13s/it]
Iteration 2:   7%|▋         | 54/782 [04:44<1:02:09,  5.12s/it]
Iteration 2:   7%|▋         | 55/782 [04:49<1:02:04,  5.12s/it]
Iteration 2:   7%|▋         | 56/782 [04:54<1:01:49,  5.11s/it]
Iteration 2:   7%|▋         | 57/782 [04:59<1:02:03,  5.14s/it]
Iteration 2:   7%|▋         | 58/782 [05:04<1:02:51,  5.21s/it]
Iteration 2:   8%|▊         | 59/782 [05:10<1:02:39,  5.20s/it]
Iteration 2:   8%|▊         | 60/782 [05:15<1:02:08,  5.16s/it]
Iteration 2:   8%|▊         | 61/782 [05:20<1:01:59,  5.16s/it]
Iteration 2:   8%|▊         | 62/782 [05:25<1:02:05,  5.17s/it]
Iteration 2:   8%|▊         | 63/782 [05:30<1:01:51,  5.16s/it]
Iteration 2:   8%|▊         | 64/782 [05:35<1:01:35,  5.15s/it]
Iteration 2:   8%|▊         | 65/782 [05:41<1:01:56,  5.18s/it]
Iteration 2:   8%|▊         | 66/782 [05:46<1:02:03,  5.20s/it]
Iteration 2:   9%|▊         | 67/782 [05:51<1:02:41,  5.26s/it]
Iteration 2:   9%|▊         | 68/782 [05:57<1:03:17,  5.32s/it]
Iteration 2:   9%|▉         | 69/782 [06:02<1:03:36,  5.35s/it]
Iteration 2:   9%|▉         | 70/782 [06:07<1:02:46,  5.29s/it]
Iteration 2:   9%|▉         | 71/782 [06:12<1:02:12,  5.25s/it]
Iteration 2:   9%|▉         | 72/782 [06:18<1:01:41,  5.21s/it]
Iteration 2:   9%|▉         | 73/782 [06:23<1:01:19,  5.19s/it]
Iteration 2:   9%|▉         | 74/782 [06:28<1:00:55,  5.16s/it]
Iteration 2:  10%|▉         | 75/782 [06:33<1:00:44,  5.15s/it]
Iteration 2:  10%|▉         | 76/782 [06:38<1:00:27,  5.14s/it]
Iteration 2:  10%|▉         | 77/782 [06:43<1:00:31,  5.15s/it]
Iteration 2:  10%|▉         | 78/782 [06:48<1:00:59,  5.20s/it]
Iteration 2:  10%|█         | 79/782 [06:54<1:00:47,  5.19s/it]
Iteration 2:  10%|█         | 80/782 [06:59<1:01:17,  5.24s/it]
Iteration 2:  10%|█         | 81/782 [07:04<1:01:15,  5.24s/it]
Iteration 2:  10%|█         | 82/782 [07:09<1:00:42,  5.20s/it]
Iteration 2:  11%|█         | 83/782 [07:14<1:00:20,  5.18s/it]
Iteration 2:  11%|█         | 84/782 [07:20<59:55,  5.15s/it]  
Iteration 2:  11%|█         | 85/782 [07:25<59:43,  5.14s/it]
Iteration 2:  11%|█         | 86/782 [07:30<59:25,  5.12s/it]
Iteration 2:  11%|█         | 87/782 [07:35<59:09,  5.11s/it]
Iteration 2:  11%|█▏        | 88/782 [07:40<59:15,  5.12s/it]
Iteration 2:  11%|█▏        | 89/782 [07:45<59:38,  5.16s/it]
Iteration 2:  12%|█▏        | 90/782 [07:51<59:52,  5.19s/it]
Iteration 2:  12%|█▏        | 91/782 [07:56<59:30,  5.17s/it]
Iteration 2:  12%|█▏        | 92/782 [08:01<59:33,  5.18s/it]
Iteration 2:  12%|█▏        | 93/782 [08:06<59:33,  5.19s/it]
Iteration 2:  12%|█▏        | 94/782 [08:11<59:15,  5.17s/it]
Iteration 2:  12%|█▏        | 95/782 [08:17<1:00:36,  5.29s/it]
Iteration 2:  12%|█▏        | 96/782 [08:22<59:53,  5.24s/it]  
Iteration 2:  12%|█▏        | 97/782 [08:27<59:35,  5.22s/it]
Iteration 2:  13%|█▎        | 98/782 [08:32<58:58,  5.17s/it]
Iteration 2:  13%|█▎        | 99/782 [08:37<58:33,  5.14s/it]
Iteration 2:  13%|█▎        | 100/782 [08:42<58:20,  5.13s/it]
Iteration 2:  13%|█▎        | 101/782 [08:47<58:20,  5.14s/it]
Iteration 2:  13%|█▎        | 102/782 [08:53<58:14,  5.14s/it]
Iteration 2:  13%|█▎        | 103/782 [08:58<58:01,  5.13s/it]
Iteration 2:  13%|█▎        | 104/782 [09:03<58:09,  5.15s/it]
Iteration 2:  13%|█▎        | 105/782 [09:08<58:00,  5.14s/it]
Iteration 2:  14%|█▎        | 106/782 [09:13<58:16,  5.17s/it]
Iteration 2:  14%|█▎        | 107/782 [09:18<58:06,  5.17s/it]
Iteration 2:  14%|█▍        | 108/782 [09:24<57:54,  5.15s/it]
Iteration 2:  14%|█▍        | 109/782 [09:29<57:37,  5.14s/it]
Iteration 2:  14%|█▍        | 110/782 [09:34<57:27,  5.13s/it]
Iteration 2:  14%|█▍        | 111/782 [09:39<57:45,  5.17s/it]
Iteration 2:  14%|█▍        | 112/782 [09:44<57:29,  5.15s/it]
Iteration 2:  14%|█▍        | 113/782 [09:49<57:06,  5.12s/it]
Iteration 2:  15%|█▍        | 114/782 [09:54<57:07,  5.13s/it]
Iteration 2:  15%|█▍        | 115/782 [09:59<56:56,  5.12s/it]
Iteration 2:  15%|█▍        | 116/782 [10:05<57:29,  5.18s/it]
Iteration 2:  15%|█▍        | 117/782 [10:10<57:12,  5.16s/it]
Iteration 2:  15%|█▌        | 118/782 [10:15<57:21,  5.18s/it]
Iteration 2:  15%|█▌        | 119/782 [10:20<57:37,  5.21s/it]
Iteration 2:  15%|█▌        | 120/782 [10:26<57:57,  5.25s/it]
Iteration 2:  15%|█▌        | 121/782 [10:31<57:59,  5.26s/it]
Iteration 2:  16%|█▌        | 122/782 [10:36<57:28,  5.22s/it]
Iteration 2:  16%|█▌        | 123/782 [10:41<57:07,  5.20s/it]
Iteration 2:  16%|█▌        | 124/782 [10:47<57:13,  5.22s/it]
Iteration 2:  16%|█▌        | 125/782 [10:52<57:49,  5.28s/it]
Iteration 2:  16%|█▌        | 126/782 [10:57<57:24,  5.25s/it]
Iteration 2:  16%|█▌        | 127/782 [11:03<57:48,  5.30s/it]
Iteration 2:  16%|█▋        | 128/782 [11:08<58:01,  5.32s/it]
Iteration 2:  16%|█▋        | 129/782 [11:13<57:16,  5.26s/it]
Iteration 2:  17%|█▋        | 130/782 [11:18<56:50,  5.23s/it]
Iteration 2:  17%|█▋        | 131/782 [11:23<56:22,  5.20s/it]
Iteration 2:  17%|█▋        | 132/782 [11:29<56:33,  5.22s/it]
Iteration 2:  17%|█▋        | 133/782 [11:34<56:10,  5.19s/it]
Iteration 2:  17%|█▋        | 134/782 [11:39<56:03,  5.19s/it]
Iteration 2:  17%|█▋        | 135/782 [11:44<55:55,  5.19s/it]
Iteration 2:  17%|█▋        | 136/782 [11:49<56:01,  5.20s/it]
Iteration 2:  18%|█▊        | 137/782 [11:54<55:35,  5.17s/it]
Iteration 2:  18%|█▊        | 138/782 [12:00<56:13,  5.24s/it]
Iteration 2:  18%|█▊        | 139/782 [12:05<57:16,  5.35s/it]
Iteration 2:  18%|█▊        | 140/782 [12:11<56:59,  5.33s/it]
Iteration 2:  18%|█▊        | 141/782 [12:16<56:16,  5.27s/it]
Iteration 2:  18%|█▊        | 142/782 [12:21<55:48,  5.23s/it]
Iteration 2:  18%|█▊        | 143/782 [12:26<55:14,  5.19s/it]
Iteration 2:  18%|█▊        | 144/782 [12:31<54:52,  5.16s/it]
Iteration 2:  19%|█▊        | 145/782 [12:36<54:42,  5.15s/it]
Iteration 2:  19%|█▊        | 146/782 [12:42<55:02,  5.19s/it]
Iteration 2:  19%|█▉        | 147/782 [12:47<54:47,  5.18s/it]
Iteration 2:  19%|█▉        | 148/782 [12:52<54:49,  5.19s/it]
Iteration 2:  19%|█▉        | 149/782 [12:57<54:42,  5.19s/it]
Iteration 2:  19%|█▉        | 150/782 [13:02<54:28,  5.17s/it]
Iteration 2:  19%|█▉        | 151/782 [13:08<54:50,  5.22s/it]
Iteration 2:  19%|█▉        | 152/782 [13:13<54:38,  5.20s/it]
Iteration 2:  20%|█▉        | 153/782 [13:18<54:14,  5.17s/it]
Iteration 2:  20%|█▉        | 154/782 [13:23<53:57,  5.15s/it]
Iteration 2:  20%|█▉        | 155/782 [13:28<54:51,  5.25s/it]
Iteration 2:  20%|█▉        | 156/782 [13:34<54:17,  5.20s/it]
Iteration 2:  20%|██        | 157/782 [13:39<53:51,  5.17s/it]
Iteration 2:  20%|██        | 158/782 [13:44<53:37,  5.16s/it]
Iteration 2:  20%|██        | 159/782 [13:49<53:38,  5.17s/it]
Iteration 2:  20%|██        | 160/782 [13:54<54:27,  5.25s/it]
Iteration 2:  21%|██        | 161/782 [14:00<55:15,  5.34s/it]
Iteration 2:  21%|██        | 162/782 [14:05<54:59,  5.32s/it]
Iteration 2:  21%|██        | 163/782 [14:11<55:06,  5.34s/it]
Iteration 2:  21%|██        | 164/782 [14:16<54:17,  5.27s/it]
Iteration 2:  21%|██        | 165/782 [14:21<53:44,  5.23s/it]
Iteration 2:  21%|██        | 166/782 [14:26<53:17,  5.19s/it]
Iteration 2:  21%|██▏       | 167/782 [14:31<52:56,  5.17s/it]
Iteration 2:  21%|██▏       | 168/782 [14:36<52:43,  5.15s/it]
Iteration 2:  22%|██▏       | 169/782 [14:41<52:36,  5.15s/it]
Iteration 2:  22%|██▏       | 170/782 [14:47<52:44,  5.17s/it]
Iteration 2:  22%|██▏       | 171/782 [14:52<52:55,  5.20s/it]
Iteration 2:  22%|██▏       | 172/782 [14:57<52:48,  5.19s/it]
Iteration 2:  22%|██▏       | 173/782 [15:02<52:45,  5.20s/it]
Iteration 2:  22%|██▏       | 174/782 [15:07<52:19,  5.16s/it]
Iteration 2:  22%|██▏       | 175/782 [15:12<52:19,  5.17s/it]
Iteration 2:  23%|██▎       | 176/782 [15:17<51:51,  5.13s/it]
Iteration 2:  23%|██▎       | 177/782 [15:23<51:55,  5.15s/it]
Iteration 2:  23%|██▎       | 178/782 [15:28<51:49,  5.15s/it]
Iteration 2:  23%|██▎       | 179/782 [15:33<51:32,  5.13s/it]
Iteration 2:  23%|██▎       | 180/782 [15:38<51:24,  5.12s/it]
Iteration 2:  23%|██▎       | 181/782 [15:43<51:16,  5.12s/it]
Iteration 2:  23%|██▎       | 182/782 [15:48<51:13,  5.12s/it]
Iteration 2:  23%|██▎       | 183/782 [15:53<51:21,  5.14s/it]
Iteration 2:  24%|██▎       | 184/782 [15:59<52:08,  5.23s/it]
Iteration 2:  24%|██▎       | 185/782 [16:04<51:59,  5.23s/it]
Iteration 2:  24%|██▍       | 186/782 [16:09<52:12,  5.26s/it]
Iteration 2:  24%|██▍       | 187/782 [16:15<52:00,  5.24s/it]
Iteration 2:  24%|██▍       | 188/782 [16:20<51:56,  5.25s/it]
Iteration 2:  24%|██▍       | 189/782 [16:25<51:28,  5.21s/it]
Iteration 2:  24%|██▍       | 190/782 [16:30<51:21,  5.21s/it]
Iteration 2:  24%|██▍       | 191/782 [16:35<51:28,  5.23s/it]
Iteration 2:  25%|██▍       | 192/782 [16:41<51:15,  5.21s/it]
Iteration 2:  25%|██▍       | 193/782 [16:46<51:24,  5.24s/it]
Iteration 2:  25%|██▍       | 194/782 [16:51<51:09,  5.22s/it]
Iteration 2:  25%|██▍       | 195/782 [16:57<51:42,  5.28s/it]
Iteration 2:  25%|██▌       | 196/782 [17:02<51:04,  5.23s/it]
Iteration 2:  25%|██▌       | 197/782 [17:07<50:37,  5.19s/it]
Iteration 2:  25%|██▌       | 198/782 [17:12<50:30,  5.19s/it]
Iteration 2:  25%|██▌       | 199/782 [17:17<50:09,  5.16s/it]
Iteration 2:  26%|██▌       | 200/782 [17:22<49:56,  5.15s/it]
Iteration 2:  26%|██▌       | 201/782 [17:27<50:18,  5.20s/it]
Iteration 2:  26%|██▌       | 202/782 [17:33<50:00,  5.17s/it]
Iteration 2:  26%|██▌       | 203/782 [17:38<50:11,  5.20s/it]
Iteration 2:  26%|██▌       | 204/782 [17:43<50:33,  5.25s/it]
Iteration 2:  26%|██▌       | 205/782 [17:48<50:10,  5.22s/it]
Iteration 2:  26%|██▋       | 206/782 [17:54<50:11,  5.23s/it]
Iteration 2:  26%|██▋       | 207/782 [17:59<49:54,  5.21s/it]
Iteration 2:  27%|██▋       | 208/782 [18:04<49:34,  5.18s/it]
Iteration 2:  27%|██▋       | 209/782 [18:09<49:15,  5.16s/it]
Iteration 2:  27%|██▋       | 210/782 [18:14<49:14,  5.17s/it]
Iteration 2:  27%|██▋       | 211/782 [18:20<50:07,  5.27s/it]
Iteration 2:  27%|██▋       | 212/782 [18:25<49:37,  5.22s/it]
Iteration 2:  27%|██▋       | 213/782 [18:30<49:18,  5.20s/it]
Iteration 2:  27%|██▋       | 214/782 [18:35<48:57,  5.17s/it]
Iteration 2:  27%|██▋       | 215/782 [18:40<48:48,  5.17s/it]
Iteration 2:  28%|██▊       | 216/782 [18:45<48:37,  5.15s/it]
Iteration 2:  28%|██▊       | 217/782 [18:51<48:46,  5.18s/it]
Iteration 2:  28%|██▊       | 218/782 [18:56<48:26,  5.15s/it]
Iteration 2:  28%|██▊       | 219/782 [19:01<49:02,  5.23s/it]
Iteration 2:  28%|██▊       | 220/782 [19:06<48:35,  5.19s/it]
Iteration 2:  28%|██▊       | 221/782 [19:13<52:45,  5.64s/it]
Iteration 2:  28%|██▊       | 222/782 [19:18<51:12,  5.49s/it]
Iteration 2:  29%|██▊       | 223/782 [19:23<50:02,  5.37s/it]
Iteration 2:  29%|██▊       | 224/782 [19:28<49:09,  5.29s/it]
Iteration 2:  29%|██▉       | 225/782 [19:33<48:31,  5.23s/it]
Iteration 2:  29%|██▉       | 226/782 [19:38<48:12,  5.20s/it]
Iteration 2:  29%|██▉       | 227/782 [19:44<48:07,  5.20s/it]
Iteration 2:  29%|██▉       | 228/782 [19:49<47:38,  5.16s/it]
Iteration 2:  29%|██▉       | 229/782 [19:54<47:29,  5.15s/it]
Iteration 2:  29%|██▉       | 230/782 [19:59<47:12,  5.13s/it]
Iteration 2:  30%|██▉       | 231/782 [20:04<47:53,  5.21s/it]
Iteration 2:  30%|██▉       | 232/782 [20:10<47:46,  5.21s/it]
Iteration 2:  30%|██▉       | 233/782 [20:15<48:00,  5.25s/it]
Iteration 2:  30%|██▉       | 234/782 [20:20<48:48,  5.34s/it]
Iteration 2:  30%|███       | 235/782 [20:26<48:49,  5.36s/it]
Iteration 2:  30%|███       | 236/782 [20:31<48:02,  5.28s/it]
Iteration 2:  30%|███       | 237/782 [20:36<47:49,  5.27s/it]
Iteration 2:  30%|███       | 238/782 [20:41<47:30,  5.24s/it]
Iteration 2:  31%|███       | 239/782 [20:46<47:05,  5.20s/it]
Iteration 2:  31%|███       | 240/782 [20:52<46:54,  5.19s/it]
Iteration 2:  31%|███       | 241/782 [20:57<47:47,  5.30s/it]
Iteration 2:  31%|███       | 242/782 [21:02<47:15,  5.25s/it]
Iteration 2:  31%|███       | 243/782 [21:07<46:59,  5.23s/it]
Iteration 2:  31%|███       | 244/782 [21:13<46:33,  5.19s/it]
Iteration 2:  31%|███▏      | 245/782 [21:18<46:38,  5.21s/it]
Iteration 2:  31%|███▏      | 246/782 [21:23<46:25,  5.20s/it]
Iteration 2:  32%|███▏      | 247/782 [21:28<46:17,  5.19s/it]
Iteration 2:  32%|███▏      | 248/782 [21:33<46:11,  5.19s/it]
Iteration 2:  32%|███▏      | 249/782 [21:39<46:25,  5.23s/it]
Iteration 2:  32%|███▏      | 250/782 [21:44<46:04,  5.20s/it]
Iteration 2:  32%|███▏      | 251/782 [21:49<45:42,  5.16s/it]
Iteration 2:  32%|███▏      | 252/782 [21:54<45:25,  5.14s/it]
Iteration 2:  32%|███▏      | 253/782 [21:59<45:17,  5.14s/it]
Iteration 2:  32%|███▏      | 254/782 [22:04<45:10,  5.13s/it]
Iteration 2:  33%|███▎      | 255/782 [22:09<45:06,  5.14s/it]
Iteration 2:  33%|███▎      | 256/782 [22:15<45:03,  5.14s/it]
Iteration 2:  33%|███▎      | 257/782 [22:20<44:49,  5.12s/it]
Iteration 2:  33%|███▎      | 258/782 [22:25<44:38,  5.11s/it]
Iteration 2:  33%|███▎      | 259/782 [22:30<44:37,  5.12s/it]
Iteration 2:  33%|███▎      | 260/782 [22:35<44:42,  5.14s/it]
Iteration 2:  33%|███▎      | 261/782 [22:40<44:33,  5.13s/it]
Iteration 2:  34%|███▎      | 262/782 [22:45<44:23,  5.12s/it]
Iteration 2:  34%|███▎      | 263/782 [22:50<44:40,  5.16s/it]
Iteration 2:  34%|███▍      | 264/782 [22:56<44:49,  5.19s/it]
Iteration 2:  34%|███▍      | 265/782 [23:01<44:58,  5.22s/it]
Iteration 2:  34%|███▍      | 266/782 [23:06<44:34,  5.18s/it]
Iteration 2:  34%|███▍      | 267/782 [23:11<44:52,  5.23s/it]
Iteration 2:  34%|███▍      | 268/782 [23:17<44:39,  5.21s/it]
Iteration 2:  34%|███▍      | 269/782 [23:22<44:34,  5.21s/it]
Iteration 2:  35%|███▍      | 270/782 [23:27<44:09,  5.17s/it]
Iteration 2:  35%|███▍      | 271/782 [23:32<43:52,  5.15s/it]
Iteration 2:  35%|███▍      | 272/782 [23:37<43:34,  5.13s/it]
Iteration 2:  35%|███▍      | 273/782 [23:42<43:34,  5.14s/it]
Iteration 2:  35%|███▌      | 274/782 [23:47<43:32,  5.14s/it]
Iteration 2:  35%|███▌      | 275/782 [23:53<43:55,  5.20s/it]
Iteration 2:  35%|███▌      | 276/782 [23:58<43:44,  5.19s/it]
Iteration 2:  35%|███▌      | 277/782 [24:03<43:52,  5.21s/it]
Iteration 2:  36%|███▌      | 278/782 [24:08<43:48,  5.22s/it]
Iteration 2:  36%|███▌      | 279/782 [24:14<43:36,  5.20s/it]
Iteration 2:  36%|███▌      | 280/782 [24:19<43:37,  5.21s/it]
Iteration 2:  36%|███▌      | 281/782 [24:24<43:21,  5.19s/it]
Iteration 2:  36%|███▌      | 282/782 [24:29<43:03,  5.17s/it]
Iteration 2:  36%|███▌      | 283/782 [24:34<42:45,  5.14s/it]
Iteration 2:  36%|███▋      | 284/782 [24:39<42:52,  5.17s/it]
Iteration 2:  36%|███▋      | 285/782 [24:45<42:47,  5.17s/it]
Iteration 2:  37%|███▋      | 286/782 [24:50<42:29,  5.14s/it]
Iteration 2:  37%|███▋      | 287/782 [24:55<42:25,  5.14s/it]
Iteration 2:  37%|███▋      | 288/782 [25:00<42:20,  5.14s/it]
Iteration 2:  37%|███▋      | 289/782 [25:05<42:46,  5.21s/it]
Iteration 2:  37%|███▋      | 290/782 [25:10<42:29,  5.18s/it]
Iteration 2:  37%|███▋      | 291/782 [25:16<42:19,  5.17s/it]
Iteration 2:  37%|███▋      | 292/782 [25:21<42:55,  5.26s/it]
Iteration 2:  37%|███▋      | 293/782 [25:26<42:33,  5.22s/it]
Iteration 2:  38%|███▊      | 294/782 [25:31<42:06,  5.18s/it]
Iteration 2:  38%|███▊      | 295/782 [25:36<41:55,  5.16s/it]
Iteration 2:  38%|███▊      | 296/782 [25:41<41:49,  5.16s/it]
Iteration 2:  38%|███▊      | 297/782 [25:47<42:09,  5.22s/it]
Iteration 2:  38%|███▊      | 298/782 [25:52<42:28,  5.27s/it]
Iteration 2:  38%|███▊      | 299/782 [25:57<42:17,  5.25s/it]
Iteration 2:  38%|███▊      | 300/782 [26:03<42:09,  5.25s/it]
Iteration 2:  38%|███▊      | 301/782 [26:08<41:49,  5.22s/it]
Iteration 2:  39%|███▊      | 302/782 [26:13<42:00,  5.25s/it]
Iteration 2:  39%|███▊      | 303/782 [26:18<41:32,  5.20s/it]
Iteration 2:  39%|███▉      | 304/782 [26:23<41:11,  5.17s/it]
Iteration 2:  39%|███▉      | 305/782 [26:29<41:08,  5.17s/it]
Iteration 2:  39%|███▉      | 306/782 [26:34<40:56,  5.16s/it]
Iteration 2:  39%|███▉      | 307/782 [26:39<41:22,  5.23s/it]
Iteration 2:  39%|███▉      | 308/782 [26:44<41:06,  5.20s/it]
Iteration 2:  40%|███▉      | 309/782 [26:49<40:44,  5.17s/it]
Iteration 2:  40%|███▉      | 310/782 [26:54<40:29,  5.15s/it]
Iteration 2:  40%|███▉      | 311/782 [27:00<40:35,  5.17s/it]
Iteration 2:  40%|███▉      | 312/782 [27:05<40:37,  5.19s/it]
Iteration 2:  40%|████      | 313/782 [27:10<40:28,  5.18s/it]
Iteration 2:  40%|████      | 314/782 [27:15<40:41,  5.22s/it]
Iteration 2:  40%|████      | 315/782 [27:20<40:18,  5.18s/it]
Iteration 2:  40%|████      | 316/782 [27:25<40:06,  5.16s/it]
Iteration 2:  41%|████      | 317/782 [27:31<39:51,  5.14s/it]
Iteration 2:  41%|████      | 318/782 [27:36<39:44,  5.14s/it]
Iteration 2:  41%|████      | 319/782 [27:41<39:46,  5.16s/it]
Iteration 2:  41%|████      | 320/782 [27:46<40:10,  5.22s/it]
Iteration 2:  41%|████      | 321/782 [27:52<40:07,  5.22s/it]
Iteration 2:  41%|████      | 322/782 [27:57<39:51,  5.20s/it]
Iteration 2:  41%|████▏     | 323/782 [28:02<39:35,  5.18s/it]
Iteration 2:  41%|████▏     | 324/782 [28:07<39:25,  5.17s/it]
Iteration 2:  42%|████▏     | 325/782 [28:12<39:35,  5.20s/it]
Iteration 2:  42%|████▏     | 326/782 [28:17<39:18,  5.17s/it]
Iteration 2:  42%|████▏     | 327/782 [28:22<39:11,  5.17s/it]
Iteration 2:  42%|████▏     | 328/782 [28:28<39:29,  5.22s/it]
Iteration 2:  42%|████▏     | 329/782 [28:33<39:10,  5.19s/it]
Iteration 2:  42%|████▏     | 330/782 [28:38<39:05,  5.19s/it]
Iteration 2:  42%|████▏     | 331/782 [28:43<38:56,  5.18s/it]
Iteration 2:  42%|████▏     | 332/782 [28:48<38:44,  5.17s/it]
Iteration 2:  43%|████▎     | 333/782 [28:53<38:29,  5.14s/it]
Iteration 2:  43%|████▎     | 334/782 [28:59<38:28,  5.15s/it]
Iteration 2:  43%|████▎     | 335/782 [29:04<38:34,  5.18s/it]
Iteration 2:  43%|████▎     | 336/782 [29:09<38:40,  5.20s/it]
Iteration 2:  43%|████▎     | 337/782 [29:14<38:43,  5.22s/it]
Iteration 2:  43%|████▎     | 338/782 [29:20<38:38,  5.22s/it]
Iteration 2:  43%|████▎     | 339/782 [29:25<38:17,  5.19s/it]
Iteration 2:  43%|████▎     | 340/782 [29:30<38:01,  5.16s/it]
Iteration 2:  44%|████▎     | 341/782 [29:35<37:53,  5.16s/it]
Iteration 2:  44%|████▎     | 342/782 [29:40<37:44,  5.15s/it]
Iteration 2:  44%|████▍     | 343/782 [29:45<37:41,  5.15s/it]
Iteration 2:  44%|████▍     | 344/782 [29:50<37:34,  5.15s/it]
Iteration 2:  44%|████▍     | 345/782 [29:56<37:25,  5.14s/it]
Iteration 2:  44%|████▍     | 346/782 [30:01<37:16,  5.13s/it]
Iteration 2:  44%|████▍     | 347/782 [30:06<37:15,  5.14s/it]
Iteration 2:  45%|████▍     | 348/782 [30:11<37:16,  5.15s/it]
Iteration 2:  45%|████▍     | 349/782 [30:16<37:51,  5.25s/it]
Iteration 2:  45%|████▍     | 350/782 [30:22<37:22,  5.19s/it]
Iteration 2:  45%|████▍     | 351/782 [30:27<37:12,  5.18s/it]
Iteration 2:  45%|████▌     | 352/782 [30:32<37:09,  5.18s/it]
Iteration 2:  45%|████▌     | 353/782 [30:37<37:12,  5.20s/it]
Iteration 2:  45%|████▌     | 354/782 [30:42<37:12,  5.22s/it]
Iteration 2:  45%|████▌     | 355/782 [30:47<36:50,  5.18s/it]
Iteration 2:  46%|████▌     | 356/782 [30:53<36:37,  5.16s/it]
Iteration 2:  46%|████▌     | 357/782 [30:58<36:59,  5.22s/it]
Iteration 2:  46%|████▌     | 358/782 [31:03<37:00,  5.24s/it]
Iteration 2:  46%|████▌     | 359/782 [31:09<37:06,  5.26s/it]
Iteration 2:  46%|████▌     | 360/782 [31:14<37:00,  5.26s/it]
Iteration 2:  46%|████▌     | 361/782 [31:19<36:39,  5.22s/it]
Iteration 2:  46%|████▋     | 362/782 [31:24<36:21,  5.19s/it]
Iteration 2:  46%|████▋     | 363/782 [31:29<36:04,  5.17s/it]
Iteration 2:  47%|████▋     | 364/782 [31:34<35:49,  5.14s/it]
Iteration 2:  47%|████▋     | 365/782 [31:39<35:57,  5.17s/it]
Iteration 2:  47%|████▋     | 366/782 [31:45<35:46,  5.16s/it]
Iteration 2:  47%|████▋     | 367/782 [31:50<35:32,  5.14s/it]
Iteration 2:  47%|████▋     | 368/782 [31:55<35:25,  5.13s/it]
Iteration 2:  47%|████▋     | 369/782 [32:00<35:19,  5.13s/it]
Iteration 2:  47%|████▋     | 370/782 [32:05<35:19,  5.14s/it]
Iteration 2:  47%|████▋     | 371/782 [32:10<35:05,  5.12s/it]
Iteration 2:  48%|████▊     | 372/782 [32:15<34:57,  5.11s/it]
Iteration 2:  48%|████▊     | 373/782 [32:21<35:20,  5.18s/it]
Iteration 2:  48%|████▊     | 374/782 [32:26<35:05,  5.16s/it]
Iteration 2:  48%|████▊     | 375/782 [32:31<34:56,  5.15s/it]
Iteration 2:  48%|████▊     | 376/782 [32:36<34:50,  5.15s/it]
Iteration 2:  48%|████▊     | 377/782 [32:41<34:44,  5.15s/it]
Iteration 2:  48%|████▊     | 378/782 [32:46<34:30,  5.13s/it]
Iteration 2:  48%|████▊     | 379/782 [32:51<34:32,  5.14s/it]
Iteration 2:  49%|████▊     | 380/782 [32:57<34:19,  5.12s/it]
Iteration 2:  49%|████▊     | 381/782 [33:02<34:17,  5.13s/it]
Iteration 2:  49%|████▉     | 382/782 [33:07<34:07,  5.12s/it]
Iteration 2:  49%|████▉     | 383/782 [33:12<34:02,  5.12s/it]
Iteration 2:  49%|████▉     | 384/782 [33:17<34:17,  5.17s/it]
Iteration 2:  49%|████▉     | 385/782 [33:22<34:18,  5.19s/it]
Iteration 2:  49%|████▉     | 386/782 [33:28<34:16,  5.19s/it]
Iteration 2:  49%|████▉     | 387/782 [33:33<34:22,  5.22s/it]
Iteration 2:  50%|████▉     | 388/782 [33:38<34:01,  5.18s/it]
Iteration 2:  50%|████▉     | 389/782 [33:43<33:53,  5.17s/it]
Iteration 2:  50%|████▉     | 390/782 [33:48<33:48,  5.17s/it]
Iteration 2:  50%|█████     | 391/782 [33:53<33:31,  5.15s/it]
Iteration 2:  50%|█████     | 392/782 [33:59<33:36,  5.17s/it]
Iteration 2:  50%|█████     | 393/782 [34:04<33:32,  5.17s/it]
Iteration 2:  50%|█████     | 394/782 [34:09<33:31,  5.18s/it]
Iteration 2:  51%|█████     | 395/782 [34:14<33:44,  5.23s/it]
Iteration 2:  51%|█████     | 396/782 [34:20<33:34,  5.22s/it]
Iteration 2:  51%|█████     | 397/782 [34:25<33:26,  5.21s/it]
Iteration 2:  51%|█████     | 398/782 [34:30<33:27,  5.23s/it]
Iteration 2:  51%|█████     | 399/782 [34:35<33:12,  5.20s/it]
Iteration 2:  51%|█████     | 400/782 [34:40<33:09,  5.21s/it]
Iteration 2:  51%|█████▏    | 401/782 [34:45<32:53,  5.18s/it]
Iteration 2:  51%|█████▏    | 402/782 [34:51<32:45,  5.17s/it]
Iteration 2:  52%|█████▏    | 403/782 [34:56<32:31,  5.15s/it]
Iteration 2:  52%|█████▏    | 404/782 [35:01<32:24,  5.15s/it]
Iteration 2:  52%|█████▏    | 405/782 [35:06<32:16,  5.14s/it]
Iteration 2:  52%|█████▏    | 406/782 [35:11<32:04,  5.12s/it]
Iteration 2:  52%|█████▏    | 407/782 [35:16<32:00,  5.12s/it]
Iteration 2:  52%|█████▏    | 408/782 [35:21<31:55,  5.12s/it]
Iteration 2:  52%|█████▏    | 409/782 [35:26<31:49,  5.12s/it]
Iteration 2:  52%|█████▏    | 410/782 [35:32<31:42,  5.11s/it]
Iteration 2:  53%|█████▎    | 411/782 [35:37<31:39,  5.12s/it]
Iteration 2:  53%|█████▎    | 412/782 [35:42<31:48,  5.16s/it]
Iteration 2:  53%|█████▎    | 413/782 [35:47<31:42,  5.16s/it]
Iteration 2:  53%|█████▎    | 414/782 [35:52<31:37,  5.16s/it]
Iteration 2:  53%|█████▎    | 415/782 [35:57<31:43,  5.19s/it]
Iteration 2:  53%|█████▎    | 416/782 [36:03<31:45,  5.21s/it]
Iteration 2:  53%|█████▎    | 417/782 [36:08<31:45,  5.22s/it]
Iteration 2:  53%|█████▎    | 418/782 [36:13<31:32,  5.20s/it]
Iteration 2:  54%|█████▎    | 419/782 [36:18<31:35,  5.22s/it]
Iteration 2:  54%|█████▎    | 420/782 [36:24<31:19,  5.19s/it]
Iteration 2:  54%|█████▍    | 421/782 [36:29<31:02,  5.16s/it]
Iteration 2:  54%|█████▍    | 422/782 [36:34<30:56,  5.16s/it]
Iteration 2:  54%|█████▍    | 423/782 [36:39<30:50,  5.15s/it]
Iteration 2:  54%|█████▍    | 424/782 [36:44<30:50,  5.17s/it]
Iteration 2:  54%|█████▍    | 425/782 [36:49<30:37,  5.15s/it]
Iteration 2:  54%|█████▍    | 426/782 [36:54<30:27,  5.13s/it]
Iteration 2:  55%|█████▍    | 427/782 [36:59<30:23,  5.14s/it]
Iteration 2:  55%|█████▍    | 428/782 [37:05<30:26,  5.16s/it]
Iteration 2:  55%|█████▍    | 429/782 [37:10<30:15,  5.14s/it]
Iteration 2:  55%|█████▍    | 430/782 [37:15<30:08,  5.14s/it]
Iteration 2:  55%|█████▌    | 431/782 [37:20<30:02,  5.13s/it]
Iteration 2:  55%|█████▌    | 432/782 [37:25<29:56,  5.13s/it]
Iteration 2:  55%|█████▌    | 433/782 [37:30<30:08,  5.18s/it]
Iteration 2:  55%|█████▌    | 434/782 [37:36<30:14,  5.21s/it]
Iteration 2:  56%|█████▌    | 435/782 [37:41<30:04,  5.20s/it]
Iteration 2:  56%|█████▌    | 436/782 [37:46<29:54,  5.19s/it]
Iteration 2:  56%|█████▌    | 437/782 [37:51<29:45,  5.18s/it]
Iteration 2:  56%|█████▌    | 438/782 [37:56<29:37,  5.17s/it]
Iteration 2:  56%|█████▌    | 439/782 [38:02<29:41,  5.19s/it]
Iteration 2:  56%|█████▋    | 440/782 [38:07<29:31,  5.18s/it]
Iteration 2:  56%|█████▋    | 441/782 [38:12<29:21,  5.16s/it]
Iteration 2:  57%|█████▋    | 442/782 [38:17<29:10,  5.15s/it]
Iteration 2:  57%|█████▋    | 443/782 [38:22<28:59,  5.13s/it]
Iteration 2:  57%|█████▋    | 444/782 [38:27<29:10,  5.18s/it]
Iteration 2:  57%|█████▋    | 445/782 [38:33<29:04,  5.18s/it]
Iteration 2:  57%|█████▋    | 446/782 [38:38<28:48,  5.14s/it]
Iteration 2:  57%|█████▋    | 447/782 [38:43<28:49,  5.16s/it]
Iteration 2:  57%|█████▋    | 448/782 [38:48<28:43,  5.16s/it]
Iteration 2:  57%|█████▋    | 449/782 [38:53<28:37,  5.16s/it]
Iteration 2:  58%|█████▊    | 450/782 [38:58<28:35,  5.17s/it]
Iteration 2:  58%|█████▊    | 451/782 [39:03<28:27,  5.16s/it]
Iteration 2:  58%|█████▊    | 452/782 [39:09<28:27,  5.18s/it]
Iteration 2:  58%|█████▊    | 453/782 [39:14<28:25,  5.18s/it]
Iteration 2:  58%|█████▊    | 454/782 [39:19<28:27,  5.20s/it]
Iteration 2:  58%|█████▊    | 455/782 [39:24<28:19,  5.20s/it]
Iteration 2:  58%|█████▊    | 456/782 [39:29<28:06,  5.17s/it]
Iteration 2:  58%|█████▊    | 457/782 [39:35<27:58,  5.16s/it]
Iteration 2:  59%|█████▊    | 458/782 [39:40<27:52,  5.16s/it]
Iteration 2:  59%|█████▊    | 459/782 [39:45<27:52,  5.18s/it]
Iteration 2:  59%|█████▉    | 460/782 [39:50<27:37,  5.15s/it]
Iteration 2:  59%|█████▉    | 461/782 [39:55<27:26,  5.13s/it]
Iteration 2:  59%|█████▉    | 462/782 [40:00<27:26,  5.15s/it]
Iteration 2:  59%|█████▉    | 463/782 [40:05<27:23,  5.15s/it]
Iteration 2:  59%|█████▉    | 464/782 [40:11<27:13,  5.14s/it]
Iteration 2:  59%|█████▉    | 465/782 [40:16<27:12,  5.15s/it]
Iteration 2:  60%|█████▉    | 466/782 [40:21<27:20,  5.19s/it]
Iteration 2:  60%|█████▉    | 467/782 [40:26<27:09,  5.17s/it]
Iteration 2:  60%|█████▉    | 468/782 [40:31<27:00,  5.16s/it]
Iteration 2:  60%|█████▉    | 469/782 [40:36<26:54,  5.16s/it]
Iteration 2:  60%|██████    | 470/782 [40:42<27:21,  5.26s/it]
Iteration 2:  60%|██████    | 471/782 [40:47<27:18,  5.27s/it]
Iteration 2:  60%|██████    | 472/782 [40:52<26:58,  5.22s/it]
Iteration 2:  60%|██████    | 473/782 [40:57<26:43,  5.19s/it]
Iteration 2:  61%|██████    | 474/782 [41:03<26:33,  5.17s/it]
Iteration 2:  61%|██████    | 475/782 [41:08<26:19,  5.15s/it]
Iteration 2:  61%|██████    | 476/782 [41:13<26:07,  5.12s/it]
Iteration 2:  61%|██████    | 477/782 [41:18<26:04,  5.13s/it]
Iteration 2:  61%|██████    | 478/782 [41:23<26:09,  5.16s/it]
Iteration 2:  61%|██████▏   | 479/782 [41:28<25:57,  5.14s/it]
Iteration 2:  61%|██████▏   | 480/782 [41:33<25:50,  5.13s/it]
Iteration 2:  62%|██████▏   | 481/782 [41:38<25:41,  5.12s/it]
Iteration 2:  62%|██████▏   | 482/782 [41:44<25:36,  5.12s/it]
Iteration 2:  62%|██████▏   | 483/782 [41:49<25:32,  5.13s/it]
Iteration 2:  62%|██████▏   | 484/782 [41:54<25:26,  5.12s/it]
Iteration 2:  62%|██████▏   | 485/782 [41:59<25:18,  5.11s/it]
Iteration 2:  62%|██████▏   | 486/782 [42:04<25:18,  5.13s/it]
Iteration 2:  62%|██████▏   | 487/782 [42:09<25:10,  5.12s/it]
Iteration 2:  62%|██████▏   | 488/782 [42:14<25:01,  5.11s/it]
Iteration 2:  63%|██████▎   | 489/782 [42:19<24:59,  5.12s/it]
Iteration 2:  63%|██████▎   | 490/782 [42:24<24:54,  5.12s/it]
Iteration 2:  63%|██████▎   | 491/782 [42:30<24:49,  5.12s/it]
Iteration 2:  63%|██████▎   | 492/782 [42:35<24:46,  5.13s/it]
Iteration 2:  63%|██████▎   | 493/782 [42:40<24:43,  5.13s/it]
Iteration 2:  63%|██████▎   | 494/782 [42:45<24:43,  5.15s/it]
Iteration 2:  63%|██████▎   | 495/782 [42:50<24:34,  5.14s/it]
Iteration 2:  63%|██████▎   | 496/782 [42:55<24:27,  5.13s/it]
Iteration 2:  64%|██████▎   | 497/782 [43:01<24:53,  5.24s/it]
Iteration 2:  64%|██████▎   | 498/782 [43:06<24:34,  5.19s/it]
Iteration 2:  64%|██████▍   | 499/782 [43:11<24:26,  5.18s/it]
Iteration 2:  64%|██████▍   | 500/782 [43:16<24:14,  5.16s/it]
Iteration 2:  64%|██████▍   | 501/782 [43:21<24:05,  5.14s/it]
Iteration 2:  64%|██████▍   | 502/782 [43:27<24:16,  5.20s/it]
Iteration 2:  64%|██████▍   | 503/782 [43:32<24:04,  5.18s/it]
Iteration 2:  64%|██████▍   | 504/782 [43:37<24:01,  5.19s/it]
Iteration 2:  65%|██████▍   | 505/782 [43:42<23:51,  5.17s/it]
Iteration 2:  65%|██████▍   | 506/782 [43:47<23:39,  5.14s/it]
Iteration 2:  65%|██████▍   | 507/782 [43:52<23:28,  5.12s/it]
Iteration 2:  65%|██████▍   | 508/782 [43:57<23:20,  5.11s/it]
Iteration 2:  65%|██████▌   | 509/782 [44:03<23:25,  5.15s/it]
Iteration 2:  65%|██████▌   | 510/782 [44:08<23:16,  5.14s/it]
Iteration 2:  65%|██████▌   | 511/782 [44:13<23:07,  5.12s/it]
Iteration 2:  65%|██████▌   | 512/782 [44:18<23:01,  5.12s/it]
Iteration 2:  66%|██████▌   | 513/782 [44:23<22:58,  5.12s/it]
Iteration 2:  66%|██████▌   | 514/782 [44:28<22:52,  5.12s/it]
Iteration 2:  66%|██████▌   | 515/782 [44:33<22:51,  5.14s/it]
Iteration 2:  66%|██████▌   | 516/782 [44:38<22:43,  5.13s/it]
Iteration 2:  66%|██████▌   | 517/782 [44:44<22:57,  5.20s/it]
Iteration 2:  66%|██████▌   | 518/782 [44:49<22:47,  5.18s/it]
Iteration 2:  66%|██████▋   | 519/782 [44:54<22:40,  5.17s/it]
Iteration 2:  66%|██████▋   | 520/782 [44:59<22:48,  5.22s/it]
Iteration 2:  67%|██████▋   | 521/782 [45:05<22:44,  5.23s/it]
Iteration 2:  67%|██████▋   | 522/782 [45:10<22:43,  5.24s/it]
Iteration 2:  67%|██████▋   | 523/782 [45:15<22:44,  5.27s/it]
Iteration 2:  67%|██████▋   | 524/782 [45:20<22:31,  5.24s/it]
Iteration 2:  67%|██████▋   | 525/782 [45:26<22:54,  5.35s/it]
Iteration 2:  67%|██████▋   | 526/782 [45:31<22:42,  5.32s/it]
Iteration 2:  67%|██████▋   | 527/782 [45:36<22:29,  5.29s/it]
Iteration 2:  68%|██████▊   | 528/782 [45:42<22:21,  5.28s/it]
Iteration 2:  68%|██████▊   | 529/782 [45:47<22:10,  5.26s/it]
Iteration 2:  68%|██████▊   | 530/782 [45:52<22:08,  5.27s/it]
Iteration 2:  68%|██████▊   | 531/782 [45:57<21:47,  5.21s/it]
Iteration 2:  68%|██████▊   | 532/782 [46:02<21:40,  5.20s/it]
Iteration 2:  68%|██████▊   | 533/782 [46:08<21:28,  5.17s/it]
Iteration 2:  68%|██████▊   | 534/782 [46:13<21:20,  5.16s/it]
Iteration 2:  68%|██████▊   | 535/782 [46:18<21:34,  5.24s/it]
Iteration 2:  69%|██████▊   | 536/782 [46:23<21:25,  5.23s/it]
Iteration 2:  69%|██████▊   | 537/782 [46:28<21:13,  5.20s/it]
Iteration 2:  69%|██████▉   | 538/782 [46:34<21:06,  5.19s/it]
Iteration 2:  69%|██████▉   | 539/782 [46:39<21:19,  5.27s/it]
Iteration 2:  69%|██████▉   | 540/782 [46:44<21:05,  5.23s/it]
Iteration 2:  69%|██████▉   | 541/782 [46:50<21:10,  5.27s/it]
Iteration 2:  69%|██████▉   | 542/782 [46:55<21:00,  5.25s/it]
Iteration 2:  69%|██████▉   | 543/782 [47:00<20:52,  5.24s/it]
Iteration 2:  70%|██████▉   | 544/782 [47:05<20:42,  5.22s/it]
Iteration 2:  70%|██████▉   | 545/782 [47:10<20:32,  5.20s/it]
Iteration 2:  70%|██████▉   | 546/782 [47:15<20:19,  5.17s/it]
Iteration 2:  70%|██████▉   | 547/782 [47:21<20:10,  5.15s/it]
Iteration 2:  70%|███████   | 548/782 [47:26<20:03,  5.14s/it]
Iteration 2:  70%|███████   | 549/782 [47:31<19:53,  5.12s/it]
Iteration 2:  70%|███████   | 550/782 [47:36<19:57,  5.16s/it]
Iteration 2:  70%|███████   | 551/782 [47:41<19:55,  5.18s/it]
Iteration 2:  71%|███████   | 552/782 [47:46<19:47,  5.16s/it]
Iteration 2:  71%|███████   | 553/782 [47:51<19:37,  5.14s/it]
Iteration 2:  71%|███████   | 554/782 [47:57<19:28,  5.13s/it]
Iteration 2:  71%|███████   | 555/782 [48:02<19:23,  5.13s/it]
Iteration 2:  71%|███████   | 556/782 [48:07<19:19,  5.13s/it]
Iteration 2:  71%|███████   | 557/782 [48:12<19:14,  5.13s/it]
Iteration 2:  71%|███████▏  | 558/782 [48:17<19:14,  5.16s/it]
Iteration 2:  71%|███████▏  | 559/782 [48:22<19:04,  5.13s/it]
Iteration 2:  72%|███████▏  | 560/782 [48:27<18:59,  5.13s/it]
Iteration 2:  72%|███████▏  | 561/782 [48:32<18:52,  5.12s/it]
Iteration 2:  72%|███████▏  | 562/782 [48:38<18:53,  5.15s/it]
Iteration 2:  72%|███████▏  | 563/782 [48:43<18:51,  5.16s/it]
Iteration 2:  72%|███████▏  | 564/782 [48:48<18:50,  5.19s/it]
Iteration 2:  72%|███████▏  | 565/782 [48:53<18:41,  5.17s/it]
Iteration 2:  72%|███████▏  | 566/782 [48:58<18:34,  5.16s/it]
Iteration 2:  73%|███████▎  | 567/782 [49:04<18:35,  5.19s/it]
Iteration 2:  73%|███████▎  | 568/782 [49:09<18:25,  5.17s/it]
Iteration 2:  73%|███████▎  | 569/782 [49:14<18:15,  5.14s/it]
Iteration 2:  73%|███████▎  | 570/782 [49:19<18:09,  5.14s/it]
Iteration 2:  73%|███████▎  | 571/782 [49:24<18:00,  5.12s/it]
Iteration 2:  73%|███████▎  | 572/782 [49:29<17:54,  5.12s/it]
Iteration 2:  73%|███████▎  | 573/782 [49:34<17:47,  5.11s/it]
Iteration 2:  73%|███████▎  | 574/782 [49:40<17:53,  5.16s/it]
Iteration 2:  74%|███████▎  | 575/782 [49:45<17:42,  5.13s/it]
Iteration 2:  74%|███████▎  | 576/782 [49:50<17:35,  5.12s/it]
Iteration 2:  74%|███████▍  | 577/782 [49:55<17:30,  5.13s/it]
Iteration 2:  74%|███████▍  | 578/782 [50:00<17:26,  5.13s/it]
Iteration 2:  74%|███████▍  | 579/782 [50:05<17:23,  5.14s/it]
Iteration 2:  74%|███████▍  | 580/782 [50:10<17:17,  5.14s/it]
Iteration 2:  74%|███████▍  | 581/782 [50:16<17:19,  5.17s/it]
Iteration 2:  74%|███████▍  | 582/782 [50:21<17:24,  5.22s/it]
Iteration 2:  75%|███████▍  | 583/782 [50:26<17:20,  5.23s/it]
Iteration 2:  75%|███████▍  | 584/782 [50:31<17:13,  5.22s/it]
Iteration 2:  75%|███████▍  | 585/782 [50:36<17:06,  5.21s/it]
Iteration 2:  75%|███████▍  | 586/782 [50:42<16:59,  5.20s/it]
Iteration 2:  75%|███████▌  | 587/782 [50:47<16:54,  5.20s/it]
Iteration 2:  75%|███████▌  | 588/782 [50:52<16:48,  5.20s/it]
Iteration 2:  75%|███████▌  | 589/782 [50:57<16:41,  5.19s/it]
Iteration 2:  75%|███████▌  | 590/782 [51:03<16:50,  5.26s/it]
Iteration 2:  76%|███████▌  | 591/782 [51:08<16:35,  5.21s/it]
Iteration 2:  76%|███████▌  | 592/782 [51:13<16:33,  5.23s/it]
Iteration 2:  76%|███████▌  | 593/782 [51:18<16:27,  5.22s/it]
Iteration 2:  76%|███████▌  | 594/782 [51:23<16:19,  5.21s/it]
Iteration 2:  76%|███████▌  | 595/782 [51:29<16:10,  5.19s/it]
Iteration 2:  76%|███████▌  | 596/782 [51:34<16:02,  5.17s/it]
Iteration 2:  76%|███████▋  | 597/782 [51:39<15:51,  5.14s/it]
Iteration 2:  76%|███████▋  | 598/782 [51:44<15:43,  5.13s/it]
Iteration 2:  77%|███████▋  | 599/782 [51:49<15:37,  5.12s/it]
Iteration 2:  77%|███████▋  | 600/782 [51:54<15:31,  5.12s/it]
Iteration 2:  77%|███████▋  | 601/782 [51:59<15:24,  5.11s/it]
Iteration 2:  77%|███████▋  | 602/782 [52:04<15:25,  5.14s/it]
Iteration 2:  77%|███████▋  | 603/782 [52:10<15:21,  5.15s/it]
Iteration 2:  77%|███████▋  | 604/782 [52:15<15:16,  5.15s/it]
Iteration 2:  77%|███████▋  | 605/782 [52:20<15:17,  5.19s/it]
Iteration 2:  77%|███████▋  | 606/782 [52:25<15:10,  5.17s/it]
Iteration 2:  78%|███████▊  | 607/782 [52:30<15:02,  5.15s/it]
Iteration 2:  78%|███████▊  | 608/782 [52:35<14:54,  5.14s/it]
Iteration 2:  78%|███████▊  | 609/782 [52:41<14:52,  5.16s/it]
Iteration 2:  78%|███████▊  | 610/782 [52:46<14:51,  5.18s/it]
Iteration 2:  78%|███████▊  | 611/782 [52:51<14:54,  5.23s/it]
Iteration 2:  78%|███████▊  | 612/782 [52:56<14:49,  5.23s/it]
Iteration 2:  78%|███████▊  | 613/782 [53:01<14:41,  5.21s/it]
Iteration 2:  79%|███████▊  | 614/782 [53:07<14:32,  5.20s/it]
Iteration 2:  79%|███████▊  | 615/782 [53:12<14:26,  5.19s/it]
Iteration 2:  79%|███████▉  | 616/782 [53:17<14:17,  5.17s/it]
Iteration 2:  79%|███████▉  | 617/782 [53:22<14:09,  5.15s/it]
Iteration 2:  79%|███████▉  | 618/782 [53:27<14:03,  5.14s/it]
Iteration 2:  79%|███████▉  | 619/782 [53:32<13:56,  5.13s/it]
Iteration 2:  79%|███████▉  | 620/782 [53:37<13:51,  5.13s/it]
Iteration 2:  79%|███████▉  | 621/782 [53:43<13:49,  5.15s/it]
Iteration 2:  80%|███████▉  | 622/782 [53:48<13:43,  5.14s/it]
Iteration 2:  80%|███████▉  | 623/782 [53:53<13:35,  5.13s/it]
Iteration 2:  80%|███████▉  | 624/782 [53:58<13:29,  5.12s/it]
Iteration 2:  80%|███████▉  | 625/782 [54:03<13:23,  5.12s/it]
Iteration 2:  80%|████████  | 626/782 [54:08<13:25,  5.17s/it]
Iteration 2:  80%|████████  | 627/782 [54:13<13:18,  5.15s/it]
Iteration 2:  80%|████████  | 628/782 [54:19<13:11,  5.14s/it]
Iteration 2:  80%|████████  | 629/782 [54:24<13:04,  5.12s/it]
Iteration 2:  81%|████████  | 630/782 [54:29<13:06,  5.18s/it]
Iteration 2:  81%|████████  | 631/782 [54:34<13:02,  5.18s/it]
Iteration 2:  81%|████████  | 632/782 [54:39<12:58,  5.19s/it]
Iteration 2:  81%|████████  | 633/782 [54:44<12:50,  5.17s/it]
Iteration 2:  81%|████████  | 634/782 [54:50<12:47,  5.18s/it]
Iteration 2:  81%|████████  | 635/782 [54:55<12:45,  5.21s/it]
Iteration 2:  81%|████████▏ | 636/782 [55:00<12:39,  5.20s/it]
Iteration 2:  81%|████████▏ | 637/782 [55:05<12:32,  5.19s/it]
Iteration 2:  82%|████████▏ | 638/782 [55:10<12:23,  5.16s/it]
Iteration 2:  82%|████████▏ | 639/782 [55:16<12:17,  5.16s/it]
Iteration 2:  82%|████████▏ | 640/782 [55:21<12:10,  5.14s/it]
Iteration 2:  82%|████████▏ | 641/782 [55:26<12:07,  5.16s/it]
Iteration 2:  82%|████████▏ | 642/782 [55:31<12:00,  5.14s/it]
Iteration 2:  82%|████████▏ | 643/782 [55:36<11:55,  5.15s/it]
Iteration 2:  82%|████████▏ | 644/782 [55:41<11:51,  5.15s/it]
Iteration 2:  82%|████████▏ | 645/782 [55:46<11:44,  5.14s/it]
Iteration 2:  83%|████████▎ | 646/782 [55:51<11:37,  5.13s/it]
Iteration 2:  83%|████████▎ | 647/782 [55:57<11:35,  5.15s/it]
Iteration 2:  83%|████████▎ | 648/782 [56:02<11:31,  5.16s/it]
Iteration 2:  83%|████████▎ | 649/782 [56:07<11:24,  5.15s/it]
Iteration 2:  83%|████████▎ | 650/782 [56:12<11:17,  5.13s/it]
Iteration 2:  83%|████████▎ | 651/782 [56:17<11:14,  5.15s/it]
Iteration 2:  83%|████████▎ | 652/782 [56:22<11:06,  5.13s/it]
Iteration 2:  84%|████████▎ | 653/782 [56:27<11:00,  5.12s/it]
Iteration 2:  84%|████████▎ | 654/782 [56:33<10:53,  5.11s/it]
Iteration 2:  84%|████████▍ | 655/782 [56:38<10:49,  5.11s/it]
Iteration 2:  84%|████████▍ | 656/782 [56:43<10:47,  5.14s/it]
Iteration 2:  84%|████████▍ | 657/782 [56:48<10:48,  5.19s/it]
Iteration 2:  84%|████████▍ | 658/782 [56:53<10:43,  5.19s/it]
Iteration 2:  84%|████████▍ | 659/782 [56:59<10:41,  5.22s/it]
Iteration 2:  84%|████████▍ | 660/782 [57:04<10:32,  5.18s/it]
Iteration 2:  85%|████████▍ | 661/782 [57:09<10:29,  5.20s/it]
Iteration 2:  85%|████████▍ | 662/782 [57:14<10:24,  5.20s/it]
Iteration 2:  85%|████████▍ | 663/782 [57:19<10:17,  5.19s/it]
Iteration 2:  85%|████████▍ | 664/782 [57:24<10:09,  5.16s/it]
Iteration 2:  85%|████████▌ | 665/782 [57:30<10:02,  5.15s/it]
Iteration 2:  85%|████████▌ | 666/782 [57:35<09:57,  5.15s/it]
Iteration 2:  85%|████████▌ | 667/782 [57:40<09:52,  5.15s/it]
Iteration 2:  85%|████████▌ | 668/782 [57:45<09:50,  5.18s/it]
Iteration 2:  86%|████████▌ | 669/782 [57:50<09:44,  5.17s/it]
Iteration 2:  86%|████████▌ | 670/782 [57:56<09:43,  5.21s/it]
Iteration 2:  86%|████████▌ | 671/782 [58:01<09:36,  5.19s/it]
Iteration 2:  86%|████████▌ | 672/782 [58:06<09:30,  5.18s/it]
Iteration 2:  86%|████████▌ | 673/782 [58:11<09:24,  5.18s/it]
Iteration 2:  86%|████████▌ | 674/782 [58:16<09:17,  5.16s/it]
Iteration 2:  86%|████████▋ | 675/782 [58:21<09:09,  5.14s/it]
Iteration 2:  86%|████████▋ | 676/782 [58:26<09:03,  5.13s/it]
Iteration 2:  87%|████████▋ | 677/782 [58:31<08:58,  5.13s/it]
Iteration 2:  87%|████████▋ | 678/782 [58:37<08:52,  5.12s/it]
Iteration 2:  87%|████████▋ | 679/782 [58:42<08:49,  5.14s/it]
Iteration 2:  87%|████████▋ | 680/782 [58:47<08:42,  5.12s/it]
Iteration 2:  87%|████████▋ | 681/782 [58:52<08:36,  5.12s/it]
Iteration 2:  87%|████████▋ | 682/782 [58:57<08:33,  5.13s/it]
Iteration 2:  87%|████████▋ | 683/782 [59:02<08:33,  5.19s/it]
Iteration 2:  87%|████████▋ | 684/782 [59:08<08:28,  5.19s/it]
Iteration 2:  88%|████████▊ | 685/782 [59:13<08:22,  5.18s/it]
Iteration 2:  88%|████████▊ | 686/782 [59:18<08:22,  5.23s/it]
Iteration 2:  88%|████████▊ | 687/782 [59:23<08:13,  5.19s/it]
Iteration 2:  88%|████████▊ | 688/782 [59:28<08:09,  5.21s/it]
Iteration 2:  88%|████████▊ | 689/782 [59:34<08:07,  5.24s/it]
Iteration 2:  88%|████████▊ | 690/782 [59:39<08:06,  5.29s/it]
Iteration 2:  88%|████████▊ | 691/782 [59:44<07:56,  5.24s/it]
Iteration 2:  88%|████████▊ | 692/782 [59:49<07:47,  5.20s/it]
Iteration 2:  89%|████████▊ | 693/782 [59:55<07:40,  5.17s/it]
Iteration 2:  89%|████████▊ | 694/782 [1:00:00<07:34,  5.17s/it]
Iteration 2:  89%|████████▉ | 695/782 [1:00:05<07:30,  5.18s/it]
Iteration 2:  89%|████████▉ | 696/782 [1:00:10<07:26,  5.19s/it]
Iteration 2:  89%|████████▉ | 697/782 [1:00:15<07:19,  5.17s/it]
Iteration 2:  89%|████████▉ | 698/782 [1:00:20<07:12,  5.15s/it]
Iteration 2:  89%|████████▉ | 699/782 [1:00:26<07:09,  5.18s/it]
Iteration 2:  90%|████████▉ | 700/782 [1:00:31<07:05,  5.19s/it]
Iteration 2:  90%|████████▉ | 701/782 [1:00:36<06:58,  5.17s/it]
Iteration 2:  90%|████████▉ | 702/782 [1:00:41<06:55,  5.20s/it]
Iteration 2:  90%|████████▉ | 703/782 [1:00:46<06:48,  5.18s/it]
Iteration 2:  90%|█████████ | 704/782 [1:00:51<06:42,  5.17s/it]
Iteration 2:  90%|█████████ | 705/782 [1:00:57<06:37,  5.17s/it]
Iteration 2:  90%|█████████ | 706/782 [1:01:02<06:31,  5.15s/it]
Iteration 2:  90%|█████████ | 707/782 [1:01:07<06:26,  5.16s/it]
Iteration 2:  91%|█████████ | 708/782 [1:01:12<06:22,  5.17s/it]
Iteration 2:  91%|█████████ | 709/782 [1:01:17<06:17,  5.17s/it]
Iteration 2:  91%|█████████ | 710/782 [1:01:22<06:10,  5.15s/it]
Iteration 2:  91%|█████████ | 711/782 [1:01:28<06:06,  5.16s/it]
Iteration 2:  91%|█████████ | 712/782 [1:01:33<06:00,  5.14s/it]
Iteration 2:  91%|█████████ | 713/782 [1:01:38<05:54,  5.14s/it]
Iteration 2:  91%|█████████▏| 714/782 [1:01:43<05:49,  5.14s/it]
Iteration 2:  91%|█████████▏| 715/782 [1:01:48<05:44,  5.14s/it]
Iteration 2:  92%|█████████▏| 716/782 [1:01:53<05:40,  5.15s/it]
Iteration 2:  92%|█████████▏| 717/782 [1:01:58<05:34,  5.15s/it]
Iteration 2:  92%|█████████▏| 718/782 [1:02:04<05:32,  5.20s/it]
Iteration 2:  92%|█████████▏| 719/782 [1:02:09<05:27,  5.20s/it]
Iteration 2:  92%|█████████▏| 720/782 [1:02:14<05:24,  5.23s/it]
Iteration 2:  92%|█████████▏| 721/782 [1:02:19<05:16,  5.19s/it]
Iteration 2:  92%|█████████▏| 722/782 [1:02:24<05:10,  5.18s/it]
Iteration 2:  92%|█████████▏| 723/782 [1:02:30<05:04,  5.15s/it]
Iteration 2:  93%|█████████▎| 724/782 [1:02:35<04:58,  5.14s/it]
Iteration 2:  93%|█████████▎| 725/782 [1:02:40<04:54,  5.17s/it]
Iteration 2:  93%|█████████▎| 726/782 [1:02:45<04:48,  5.14s/it]
Iteration 2:  93%|█████████▎| 727/782 [1:02:50<04:44,  5.18s/it]
Iteration 2:  93%|█████████▎| 728/782 [1:02:55<04:38,  5.17s/it]
Iteration 2:  93%|█████████▎| 729/782 [1:03:01<04:34,  5.18s/it]
Iteration 2:  93%|█████████▎| 730/782 [1:03:06<04:28,  5.17s/it]
Iteration 2:  93%|█████████▎| 731/782 [1:03:11<04:23,  5.16s/it]
Iteration 2:  94%|█████████▎| 732/782 [1:03:16<04:17,  5.14s/it]
Iteration 2:  94%|█████████▎| 733/782 [1:03:21<04:10,  5.12s/it]
Iteration 2:  94%|█████████▍| 734/782 [1:03:26<04:05,  5.12s/it]
Iteration 2:  94%|█████████▍| 735/782 [1:03:31<04:01,  5.13s/it]
Iteration 2:  94%|█████████▍| 736/782 [1:03:36<03:55,  5.12s/it]
Iteration 2:  94%|█████████▍| 737/782 [1:03:42<03:49,  5.11s/it]
Iteration 2:  94%|█████████▍| 738/782 [1:03:47<03:45,  5.12s/it]
Iteration 2:  95%|█████████▍| 739/782 [1:03:52<03:39,  5.11s/it]
Iteration 2:  95%|█████████▍| 740/782 [1:03:57<03:34,  5.11s/it]
Iteration 2:  95%|█████████▍| 741/782 [1:04:02<03:30,  5.13s/it]
Iteration 2:  95%|█████████▍| 742/782 [1:04:07<03:25,  5.14s/it]
Iteration 2:  95%|█████████▌| 743/782 [1:04:12<03:20,  5.15s/it]
Iteration 2:  95%|█████████▌| 744/782 [1:04:17<03:15,  5.14s/it]
Iteration 2:  95%|█████████▌| 745/782 [1:04:23<03:09,  5.13s/it]
Iteration 2:  95%|█████████▌| 746/782 [1:04:28<03:04,  5.12s/it]
Iteration 2:  96%|█████████▌| 747/782 [1:04:33<02:59,  5.12s/it]
Iteration 2:  96%|█████████▌| 748/782 [1:04:38<02:56,  5.18s/it]
Iteration 2:  96%|█████████▌| 749/782 [1:04:43<02:50,  5.15s/it]
Iteration 2:  96%|█████████▌| 750/782 [1:04:48<02:44,  5.15s/it]
Iteration 2:  96%|█████████▌| 751/782 [1:04:54<02:40,  5.18s/it]
Iteration 2:  96%|█████████▌| 752/782 [1:04:59<02:37,  5.25s/it]
Iteration 2:  96%|█████████▋| 753/782 [1:05:04<02:31,  5.23s/it]
Iteration 2:  96%|█████████▋| 754/782 [1:05:09<02:25,  5.18s/it]
Iteration 2:  97%|█████████▋| 755/782 [1:05:15<02:20,  5.21s/it]
Iteration 2:  97%|█████████▋| 756/782 [1:05:20<02:14,  5.18s/it]
Iteration 2:  97%|█████████▋| 757/782 [1:05:25<02:09,  5.17s/it]
Iteration 2:  97%|█████████▋| 758/782 [1:05:30<02:03,  5.15s/it]
Iteration 2:  97%|█████████▋| 759/782 [1:05:35<01:58,  5.14s/it]
Iteration 2:  97%|█████████▋| 760/782 [1:05:40<01:53,  5.16s/it]
Iteration 2:  97%|█████████▋| 761/782 [1:05:45<01:47,  5.14s/it]
Iteration 2:  97%|█████████▋| 762/782 [1:05:50<01:42,  5.14s/it]
Iteration 2:  98%|█████████▊| 763/782 [1:05:56<01:39,  5.21s/it]
Iteration 2:  98%|█████████▊| 764/782 [1:06:01<01:33,  5.19s/it]
Iteration 2:  98%|█████████▊| 765/782 [1:06:06<01:28,  5.18s/it]
Iteration 2:  98%|█████████▊| 766/782 [1:06:11<01:22,  5.14s/it]
Iteration 2:  98%|█████████▊| 767/782 [1:06:16<01:17,  5.14s/it]
Iteration 2:  98%|█████████▊| 768/782 [1:06:22<01:12,  5.16s/it]
Iteration 2:  98%|█████████▊| 769/782 [1:06:27<01:07,  5.18s/it]
Iteration 2:  98%|█████████▊| 770/782 [1:06:32<01:02,  5.17s/it]
Iteration 2:  99%|█████████▊| 771/782 [1:06:37<00:57,  5.22s/it]
Iteration 2:  99%|█████████▊| 772/782 [1:06:43<00:52,  5.24s/it]
Iteration 2:  99%|█████████▉| 773/782 [1:06:48<00:47,  5.23s/it]
Iteration 2:  99%|█████████▉| 774/782 [1:06:53<00:41,  5.19s/it]
Iteration 2:  99%|█████████▉| 775/782 [1:06:58<00:36,  5.17s/it]
Iteration 2:  99%|█████████▉| 776/782 [1:07:03<00:30,  5.16s/it]
Iteration 2:  99%|█████████▉| 777/782 [1:07:08<00:25,  5.15s/it]
Iteration 2:  99%|█████████▉| 778/782 [1:07:13<00:20,  5.14s/it]
Iteration 2: 100%|█████████▉| 779/782 [1:07:19<00:15,  5.16s/it]
Iteration 2: 100%|█████████▉| 780/782 [1:07:24<00:10,  5.14s/it]
Iteration 2: 100%|█████████▉| 781/782 [1:07:29<00:05,  5.21s/it]
Iteration 2: 100%|██████████| 782/782 [1:07:34<00:00,  5.10s/it]
Iteration 2: 100%|██████████| 782/782 [1:07:34<00:00,  5.18s/it]
[2024-11-13 11:19:18] INFO: Iteration: 2, Avg Total Loss: 3.2520194423675526, Avg Reconstruction Loss: 0.4633691673088074, Avg Classification Loss: 2.7886502758026124, Percetn of erronous batches : 0.0  
Train AUC ROC: {'Close_lagged_3_adjusted_return_class_15': 0.7012317480774815, 'Low_lagged_1_adjusted_return_class_30': 0.7001989106223941, 'Open_lagged_1_adjusted_return_class_30': 0.7012000630692231, 'High_lagged_1_adjusted_return_class_30': 0.7045214450633545, 'Close_lagged_5_adjusted_return_class_10': 0.7041083486057492, 'Close_lagged_1_adjusted_return_class_30': 0.6990483714263113, 'Close_lagged_2_adjusted_return_class_20': 0.7053512193962473, 'Volume_lagged_1_adjusted_return_class_30': 0.6512785168696374, 'Volume_lagged_2_adjusted_return_class_20': 0.6537033436131248, 'Volume_lagged_3_adjusted_return_class_15': 0.6561048582135103, 'Multitask AUC': 0.6876746824957033}
Test AUC ROC: {'Close_lagged_3_adjusted_return_class_15': 0.6999476634150549, 'Low_lagged_1_adjusted_return_class_30': 0.6990147850552793, 'Open_lagged_1_adjusted_return_class_30': 0.6974759223612693, 'High_lagged_1_adjusted_return_class_30': 0.7017381544729817, 'Close_lagged_5_adjusted_return_class_10': 0.7032184375117044, 'Close_lagged_1_adjusted_return_class_30': 0.6977137164664278, 'Close_lagged_2_adjusted_return_class_20': 0.7040457260550947, 'Volume_lagged_1_adjusted_return_class_30': 0.6494888222468427, 'Volume_lagged_2_adjusted_return_class_20': 0.6519582235148718, 'Volume_lagged_3_adjusted_return_class_15': 0.6545663195708249, 'Multitask AUC': 0.6859167770670351}
_________________ Model saved to /trading_robot/src/Artifacts/Models/3b080c9cad3f4d59874846b0889aa4604b2bf6cb06c80927781053f386c7b399.pth _________________
Model saved to 3b080c9cad3f4d59874846b0889aa4604b2bf6cb06c80927781053f386c7b399
Best model on the AUC Test 
_________________ Model saved to /trading_robot/src/Artifacts/Models/1_3b080c9cad3f4d59874846b0889aa4604b2bf6cb06c80927781053f386c7b399.pth _________________

Iteration 3:   0%|          | 0/782 [00:00<?, ?it/s]nohup: ignoring input
[2024-11-15 00:02:59] INFO: Object loaded successfully from /trading_robot/src/Processing/Preprocessing_Artifacts/HourOhlcPreprocessing.pkl
[2024-11-15 00:02:59] INFO: Data object for UID c8428af498add75dcc5c81ccbb28d99c does not exist. Proceeding with preprocessing.
[2024-11-15 00:03:16] INFO: Start Sampling and Marking Data   ______________________________________________________________
[2024-11-15 00:03:17] INFO: End Sampling and Marking Data   ________________________________________________________________
[2024-11-15 00:03:17] INFO: Generating the vectors   _______________________________________________________________________
Process ForkPoolWorker-1:
Traceback (most recent call last):
  File "/usr/local/lib/python3.9/multiprocessing/pool.py", line 131, in worker
    put((job, i, result))
  File "/usr/local/lib/python3.9/multiprocessing/queues.py", line 377, in put
    self._writer.send_bytes(obj)
  File "/usr/local/lib/python3.9/multiprocessing/connection.py", line 200, in send_bytes
    self._send_bytes(m[offset:offset + size])
  File "/usr/local/lib/python3.9/multiprocessing/connection.py", line 404, in _send_bytes
    self._send(header)
  File "/usr/local/lib/python3.9/multiprocessing/connection.py", line 368, in _send
    n = write(self._handle, buf)
BrokenPipeError: [Errno 32] Broken pipe

During handling of the above exception, another exception occurred:

Traceback (most recent call last):
  File "/usr/local/lib/python3.9/multiprocessing/process.py", line 315, in _bootstrap
    self.run()
  File "/usr/local/lib/python3.9/multiprocessing/process.py", line 108, in run
    self._target(*self._args, **self._kwargs)
  File "/usr/local/lib/python3.9/multiprocessing/pool.py", line 136, in worker
    put((job, i, (False, wrapped)))
  File "/usr/local/lib/python3.9/multiprocessing/queues.py", line 377, in put
    self._writer.send_bytes(obj)
  File "/usr/local/lib/python3.9/multiprocessing/connection.py", line 200, in send_bytes
    self._send_bytes(m[offset:offset + size])
  File "/usr/local/lib/python3.9/multiprocessing/connection.py", line 404, in _send_bytes
    self._send(header)
  File "/usr/local/lib/python3.9/multiprocessing/connection.py", line 368, in _send
    n = write(self._handle, buf)
BrokenPipeError: [Errno 32] Broken pipe
Process ForkPoolWorker-2:
Traceback (most recent call last):
  File "/usr/local/lib/python3.9/multiprocessing/pool.py", line 131, in worker
    put((job, i, result))
  File "/usr/local/lib/python3.9/multiprocessing/queues.py", line 377, in put
    self._writer.send_bytes(obj)
  File "/usr/local/lib/python3.9/multiprocessing/connection.py", line 200, in send_bytes
    self._send_bytes(m[offset:offset + size])
  File "/usr/local/lib/python3.9/multiprocessing/connection.py", line 404, in _send_bytes
    self._send(header)
  File "/usr/local/lib/python3.9/multiprocessing/connection.py", line 368, in _send
    n = write(self._handle, buf)
BrokenPipeError: [Errno 32] Broken pipe

During handling of the above exception, another exception occurred:

Traceback (most recent call last):
  File "/usr/local/lib/python3.9/multiprocessing/process.py", line 315, in _bootstrap
    self.run()
  File "/usr/local/lib/python3.9/multiprocessing/process.py", line 108, in run
    self._target(*self._args, **self._kwargs)
  File "/usr/local/lib/python3.9/multiprocessing/pool.py", line 136, in worker
    put((job, i, (False, wrapped)))
  File "/usr/local/lib/python3.9/multiprocessing/queues.py", line 377, in put
    self._writer.send_bytes(obj)
  File "/usr/local/lib/python3.9/multiprocessing/connection.py", line 200, in send_bytes
    self._send_bytes(m[offset:offset + size])
  File "/usr/local/lib/python3.9/multiprocessing/connection.py", line 404, in _send_bytes
    self._send(header)
  File "/usr/local/lib/python3.9/multiprocessing/connection.py", line 368, in _send
    n = write(self._handle, buf)
BrokenPipeError: [Errno 32] Broken pipe
Process ForkPoolWorker-3:
Traceback (most recent call last):
  File "/usr/local/lib/python3.9/multiprocessing/pool.py", line 131, in worker
    put((job, i, result))
  File "/usr/local/lib/python3.9/multiprocessing/queues.py", line 377, in put
    self._writer.send_bytes(obj)
  File "/usr/local/lib/python3.9/multiprocessing/connection.py", line 200, in send_bytes
    self._send_bytes(m[offset:offset + size])
  File "/usr/local/lib/python3.9/multiprocessing/connection.py", line 404, in _send_bytes
    self._send(header)
  File "/usr/local/lib/python3.9/multiprocessing/connection.py", line 368, in _send
    n = write(self._handle, buf)
BrokenPipeError: [Errno 32] Broken pipe

During handling of the above exception, another exception occurred:

Traceback (most recent call last):
  File "/usr/local/lib/python3.9/multiprocessing/process.py", line 315, in _bootstrap
    self.run()
  File "/usr/local/lib/python3.9/multiprocessing/process.py", line 108, in run
    self._target(*self._args, **self._kwargs)
  File "/usr/local/lib/python3.9/multiprocessing/pool.py", line 136, in worker
    put((job, i, (False, wrapped)))
  File "/usr/local/lib/python3.9/multiprocessing/queues.py", line 377, in put
    self._writer.send_bytes(obj)
  File "/usr/local/lib/python3.9/multiprocessing/connection.py", line 200, in send_bytes
    self._send_bytes(m[offset:offset + size])
  File "/usr/local/lib/python3.9/multiprocessing/connection.py", line 404, in _send_bytes
    self._send(header)
  File "/usr/local/lib/python3.9/multiprocessing/connection.py", line 368, in _send
    n = write(self._handle, buf)
BrokenPipeError: [Errno 32] Broken pipe
Process ForkPoolWorker-4:
Traceback (most recent call last):
  File "/usr/local/lib/python3.9/multiprocessing/pool.py", line 131, in worker
    put((job, i, result))
  File "/usr/local/lib/python3.9/multiprocessing/queues.py", line 377, in put
    self._writer.send_bytes(obj)
  File "/usr/local/lib/python3.9/multiprocessing/connection.py", line 200, in send_bytes
    self._send_bytes(m[offset:offset + size])
  File "/usr/local/lib/python3.9/multiprocessing/connection.py", line 404, in _send_bytes
    self._send(header)
  File "/usr/local/lib/python3.9/multiprocessing/connection.py", line 368, in _send
    n = write(self._handle, buf)
BrokenPipeError: [Errno 32] Broken pipe

During handling of the above exception, another exception occurred:

Traceback (most recent call last):
  File "/usr/local/lib/python3.9/multiprocessing/process.py", line 315, in _bootstrap
    self.run()
  File "/usr/local/lib/python3.9/multiprocessing/process.py", line 108, in run
    self._target(*self._args, **self._kwargs)
  File "/usr/local/lib/python3.9/multiprocessing/pool.py", line 136, in worker
    put((job, i, (False, wrapped)))
  File "/usr/local/lib/python3.9/multiprocessing/queues.py", line 377, in put
    self._writer.send_bytes(obj)
  File "/usr/local/lib/python3.9/multiprocessing/connection.py", line 200, in send_bytes
    self._send_bytes(m[offset:offset + size])
  File "/usr/local/lib/python3.9/multiprocessing/connection.py", line 404, in _send_bytes
    self._send(header)
  File "/usr/local/lib/python3.9/multiprocessing/connection.py", line 368, in _send
    n = write(self._handle, buf)
BrokenPipeError: [Errno 32] Broken pipe
Process ForkPoolWorker-5:
Traceback (most recent call last):
  File "/usr/local/lib/python3.9/multiprocessing/pool.py", line 131, in worker
    put((job, i, result))
  File "/usr/local/lib/python3.9/multiprocessing/queues.py", line 377, in put
    self._writer.send_bytes(obj)
  File "/usr/local/lib/python3.9/multiprocessing/connection.py", line 200, in send_bytes
    self._send_bytes(m[offset:offset + size])
  File "/usr/local/lib/python3.9/multiprocessing/connection.py", line 404, in _send_bytes
    self._send(header)
  File "/usr/local/lib/python3.9/multiprocessing/connection.py", line 368, in _send
    n = write(self._handle, buf)
BrokenPipeError: [Errno 32] Broken pipe

During handling of the above exception, another exception occurred:

Traceback (most recent call last):
  File "/usr/local/lib/python3.9/multiprocessing/process.py", line 315, in _bootstrap
    self.run()
  File "/usr/local/lib/python3.9/multiprocessing/process.py", line 108, in run
    self._target(*self._args, **self._kwargs)
  File "/usr/local/lib/python3.9/multiprocessing/pool.py", line 136, in worker
    put((job, i, (False, wrapped)))
  File "/usr/local/lib/python3.9/multiprocessing/queues.py", line 377, in put
    self._writer.send_bytes(obj)
  File "/usr/local/lib/python3.9/multiprocessing/connection.py", line 200, in send_bytes
    self._send_bytes(m[offset:offset + size])
  File "/usr/local/lib/python3.9/multiprocessing/connection.py", line 404, in _send_bytes
    self._send(header)
  File "/usr/local/lib/python3.9/multiprocessing/connection.py", line 368, in _send
    n = write(self._handle, buf)
BrokenPipeError: [Errno 32] Broken pipe
Process ForkPoolWorker-6:
Traceback (most recent call last):
  File "/usr/local/lib/python3.9/multiprocessing/pool.py", line 131, in worker
    put((job, i, result))
  File "/usr/local/lib/python3.9/multiprocessing/queues.py", line 377, in put
    self._writer.send_bytes(obj)
  File "/usr/local/lib/python3.9/multiprocessing/connection.py", line 200, in send_bytes
    self._send_bytes(m[offset:offset + size])
  File "/usr/local/lib/python3.9/multiprocessing/connection.py", line 404, in _send_bytes
    self._send(header)
  File "/usr/local/lib/python3.9/multiprocessing/connection.py", line 368, in _send
    n = write(self._handle, buf)
BrokenPipeError: [Errno 32] Broken pipe

During handling of the above exception, another exception occurred:

Traceback (most recent call last):
  File "/usr/local/lib/python3.9/multiprocessing/process.py", line 315, in _bootstrap
    self.run()
  File "/usr/local/lib/python3.9/multiprocessing/process.py", line 108, in run
    self._target(*self._args, **self._kwargs)
  File "/usr/local/lib/python3.9/multiprocessing/pool.py", line 136, in worker
    put((job, i, (False, wrapped)))
  File "/usr/local/lib/python3.9/multiprocessing/queues.py", line 377, in put
    self._writer.send_bytes(obj)
  File "/usr/local/lib/python3.9/multiprocessing/connection.py", line 200, in send_bytes
    self._send_bytes(m[offset:offset + size])
  File "/usr/local/lib/python3.9/multiprocessing/connection.py", line 404, in _send_bytes
    self._send(header)
  File "/usr/local/lib/python3.9/multiprocessing/connection.py", line 368, in _send
    n = write(self._handle, buf)
BrokenPipeError: [Errno 32] Broken pipe
